This is LuaHBTeX, Version 1.15.1 (MiKTeX 22.12) (format=lualatex 2025.7.15)  5 NOV 2025 14:05
 restricted system commands enabled.
**Randomization.tex
(./Randomization.tex
LaTeX2e <2022-11-01> patch level 1
Lua module: luaotfload 2022-10-03 3.23 Lua based OpenType font support
Lua module: lualibs 2022-10-04 2.75 ConTeXt Lua standard libraries.
Lua module: lualibs-extended 2022-10-04 2.75 ConTeXt Lua libraries -- extended c
ollection.
luaotfload | conf : Root cache directory is "C:/Users/Ananda/AppData/Local/MiKTe
X/luatex-cache/generic/names".
luaotfload | init : Loading fontloader "fontloader-2022-10-03.lua" from kpse-res
olved path "C:/Users/Ananda/AppData/Local/Programs/MiKTeX/tex/luatex/luaotfload/
fontloader-2022-10-03.lua".
Lua-only attribute luaotfload@noligature = 1
luaotfload | init : Context OpenType loader version 3.120
Inserting `luaotfload.node_processor' in `pre_linebreak_filter'.
Inserting `luaotfload.node_processor' in `hpack_filter'.
Inserting `luaotfload.glyph_stream' in `glyph_stream_provider'.
Inserting `luaotfload.define_font' in `define_font'.
Lua-only attribute luaotfload_color_attribute = 2
luaotfload | conf : Root cache directory is "C:/Users/Ananda/AppData/Local/MiKTe
X/luatex-cache/generic/names".
Inserting `luaotfload.harf.strip_prefix' in `find_opentype_file'.
Inserting `luaotfload.harf.strip_prefix' in `find_truetype_file'.
Removing  `luaotfload.glyph_stream' from `glyph_stream_provider'.
Inserting `luaotfload.harf.glyphstream' in `glyph_stream_provider'.
Inserting `luaotfload.harf.finalize_vlist' in `post_linebreak_filter'.
Inserting `luaotfload.harf.finalize_hlist' in `hpack_filter'.
Inserting `luaotfload.cleanup_files' in `wrapup_run'.
Inserting `luaotfload.harf.finalize_unicode' in `finish_pdffile'.
Inserting `luaotfload.glyphinfo' in `glyph_info'.
Lua-only attribute luaotfload.letterspace_done = 3
Inserting `luaotfload.aux.set_sscale_dimens' in `luaotfload.patch_font'.
Inserting `luaotfload.aux.set_font_index' in `luaotfload.patch_font'.
Inserting `luaotfload.aux.patch_cambria_domh' in `luaotfload.patch_font'.
Inserting `luaotfload.aux.fixup_fontdata' in `luaotfload.patch_font_unsafe'.
Inserting `luaotfload.aux.set_capheight' in `luaotfload.patch_font'.
Inserting `luaotfload.aux.set_xheight' in `luaotfload.patch_font'.
Inserting `luaotfload.rewrite_fontname' in `luaotfload.patch_font'. L3 programm
ing layer <2022-12-17>
Inserting `tracingstacklevels' in `input_level_string'.
(C:/Users/Ananda/AppData/Local/Programs/MiKTeX/tex/latex/base/article.cls
Document Class: article 2022/07/02 v1.4n Standard LaTeX document class
(C:/Users/Ananda/AppData/Local/Programs/MiKTeX/tex/latex/base/size11.clo
File: size11.clo 2022/07/02 v1.4n Standard LaTeX file (size option)
luaotfload | db : Font names database loaded from C:/Users/Ananda/AppData/Local/
MiKTeX/luatex-cache/generic/names/luaotfload-names.luc.gz)
\c@part=\count183
\c@section=\count184
\c@subsection=\count185
\c@subsubsection=\count186
\c@paragraph=\count187
\c@subparagraph=\count188
\c@figure=\count189
\c@table=\count190
\abovecaptionskip=\skip48
\belowcaptionskip=\skip49
\bibindent=\dimen139
)
(C:/Users/Ananda/AppData/Local/Programs/MiKTeX/tex/latex/geometry/geometry.sty
Package: geometry 2020/01/02 v5.9 Page Geometry

(C:/Users/Ananda/AppData/Local/Programs/MiKTeX/tex/latex/graphics/keyval.sty
Package: keyval 2022/05/29 v1.15 key=value parser (DPC)
\KV@toks@=\toks16
)
(C:/Users/Ananda/AppData/Local/Programs/MiKTeX/tex/generic/iftex/ifvtex.sty
Package: ifvtex 2019/10/25 v1.7 ifvtex legacy package. Use iftex instead.

(C:/Users/Ananda/AppData/Local/Programs/MiKTeX/tex/generic/iftex/iftex.sty
Package: iftex 2022/02/03 v1.0f TeX engine tests
))
\Gm@cnth=\count191
\Gm@cntv=\count192
\c@Gm@tempcnt=\count193
\Gm@bindingoffset=\dimen140
\Gm@wd@mp=\dimen141
\Gm@odd@mp=\dimen142
\Gm@even@mp=\dimen143
\Gm@layoutwidth=\dimen144
\Gm@layoutheight=\dimen145
\Gm@layouthoffset=\dimen146
\Gm@layoutvoffset=\dimen147
\Gm@dimlist=\toks17

(C:/Users/Ananda/AppData/Local/Programs/MiKTeX/tex/latex/geometry/geometry.cfg))
 (C:/Users/Ananda/AppData/Local/Programs/MiKTeX/tex/latex/amsmath/amsmath.sty
Package: amsmath 2022/04/08 v2.17n AMS math features
\@mathmargin=\skip50

For additional information on amsmath, use the `?' option.
(C:/Users/Ananda/AppData/Local/Programs/MiKTeX/tex/latex/amsmath/amstext.sty
Package: amstext 2021/08/26 v2.01 AMS text

(C:/Users/Ananda/AppData/Local/Programs/MiKTeX/tex/latex/amsmath/amsgen.sty
File: amsgen.sty 1999/11/30 v2.0 generic functions
\@emptytoks=\toks18
\ex@=\dimen148
))
(C:/Users/Ananda/AppData/Local/Programs/MiKTeX/tex/latex/amsmath/amsbsy.sty
Package: amsbsy 1999/11/29 v1.2d Bold Symbols
\pmbraise@=\dimen149
)
(C:/Users/Ananda/AppData/Local/Programs/MiKTeX/tex/latex/amsmath/amsopn.sty
Package: amsopn 2022/04/08 v2.04 operator names
)
\inf@bad=\count194
LaTeX Info: Redefining \frac on input line 236.
\uproot@=\count195
\leftroot@=\count196
LaTeX Info: Redefining \overline on input line 399.
LaTeX Info: Redefining \colon on input line 410.
\classnum@=\count197
\DOTSCASE@=\count198
LaTeX Info: Redefining \ldots on input line 496.
LaTeX Info: Redefining \dots on input line 499.
LaTeX Info: Redefining \cdots on input line 620.
\Mathstrutbox@=\box51
\strutbox@=\box52
LaTeX Info: Redefining \big on input line 722.
LaTeX Info: Redefining \Big on input line 723.
LaTeX Info: Redefining \bigg on input line 724.
LaTeX Info: Redefining \Bigg on input line 725.
\big@size=\dimen150
LaTeX Font Info:    Redeclaring font encoding OML on input line 743.
LaTeX Font Info:    Redeclaring font encoding OMS on input line 744.
\macc@depth=\count199
LaTeX Info: Redefining \bmod on input line 905.
LaTeX Info: Redefining \pmod on input line 910.
LaTeX Info: Redefining \smash on input line 940.
LaTeX Info: Redefining \relbar on input line 970.
LaTeX Info: Redefining \Relbar on input line 971.
\c@MaxMatrixCols=\count266
\dotsspace@=\muskip16
\c@parentequation=\count267
\dspbrk@lvl=\count268
\tag@help=\toks19
\row@=\count269
\column@=\count270
\maxfields@=\count271
\andhelp@=\toks20
\eqnshift@=\dimen151
\alignsep@=\dimen152
\tagshift@=\dimen153
\tagwidth@=\dimen154
\totwidth@=\dimen155
\lineht@=\dimen156
\@envbody=\toks21
\multlinegap=\skip51
\multlinetaggap=\skip52
\mathdisplay@stack=\toks22
LaTeX Info: Redefining \[ on input line 2953.
LaTeX Info: Redefining \] on input line 2954.
)
(C:/Users/Ananda/AppData/Local/Programs/MiKTeX/tex/latex/amsfonts/amssymb.sty
Package: amssymb 2013/01/14 v3.01 AMS font symbols

(C:/Users/Ananda/AppData/Local/Programs/MiKTeX/tex/latex/amsfonts/amsfonts.sty
Package: amsfonts 2013/01/14 v3.01 Basic AMSFonts support
\symAMSa=\mathgroup4
\symAMSb=\mathgroup5
LaTeX Font Info:    Redeclaring math symbol \hbar on input line 98.
LaTeX Font Info:    Overwriting math alphabet `\mathfrak' in version `bold'
(Font)                  U/euf/m/n --> U/euf/b/n on input line 106.
)) (C:/Users/Ananda/AppData/Local/Programs/MiKTeX/tex/latex/amscls/amsthm.sty
Package: amsthm 2020/05/29 v2.20.6
\thm@style=\toks23
\thm@bodyfont=\toks24
\thm@headfont=\toks25
\thm@notefont=\toks26
\thm@headpunct=\toks27
\thm@preskip=\skip53
\thm@postskip=\skip54
\thm@headsep=\skip55
\dth@everypar=\toks28
)
\c@example=\count272

(C:/Users/Ananda/AppData/Local/Programs/MiKTeX/tex/latex/tools/enumerate.sty
Package: enumerate 2015/07/23 v3.00 enumerate extensions (DPC)
\@enLab=\toks29
)
(C:/Users/Ananda/AppData/Local/Programs/MiKTeX/tex/latex/multirow/multirow.sty
Package: multirow 2021/03/15 v2.8 Span multiple rows of a table
\multirow@colwidth=\skip56
\multirow@cntb=\count273
\multirow@dima=\skip57
\bigstrutjot=\dimen157
) (C:/Users/Ananda/AppData/Local/Programs/MiKTeX/tex/latex/tools/hhline.sty
Package: hhline 2020/01/04 v2.04 Table rule package (DPC)
)
(C:/Users/Ananda/AppData/Local/Programs/MiKTeX/tex/latex/tools/array.sty
Package: array 2022/03/10 v2.5f Tabular extension package (FMi)
\col@sep=\dimen158
\ar@mcellbox=\box53
\extrarowheight=\dimen159
\NC@list=\toks30
\extratabsurround=\skip58
\backup@length=\skip59
\ar@cellbox=\box54
)
(C:/Users/Ananda/AppData/Local/Programs/MiKTeX/tex/latex/tools/longtable.sty
Package: longtable 2021-09-01 v4.17 Multi-page Table package (DPC)
\LTleft=\skip60
\LTright=\skip61
\LTpre=\skip62
\LTpost=\skip63
\LTchunksize=\count274
\LTcapwidth=\dimen160
\LT@head=\box55
\LT@firsthead=\box56
\LT@foot=\box57
\LT@lastfoot=\box58
\LT@gbox=\box59
\LT@cols=\count275
\LT@rows=\count276
\c@LT@tables=\count277
\c@LT@chunks=\count278
\LT@p@ftn=\toks31
)
(C:/Users/Ananda/AppData/Local/Programs/MiKTeX/tex/latex/graphics/graphicx.sty
Package: graphicx 2021/09/16 v1.2d Enhanced LaTeX Graphics (DPC,SPQR)

(C:/Users/Ananda/AppData/Local/Programs/MiKTeX/tex/latex/graphics/graphics.sty
Package: graphics 2022/03/10 v1.4e Standard LaTeX Graphics (DPC,SPQR)

(C:/Users/Ananda/AppData/Local/Programs/MiKTeX/tex/latex/graphics/trig.sty
Package: trig 2021/08/11 v1.11 sin cos tan (DPC)
)
(C:/Users/Ananda/AppData/Local/Programs/MiKTeX/tex/latex/graphics-cfg/graphics.
cfg
File: graphics.cfg 2016/06/04 v1.11 sample graphics configuration
)
Package graphics Info: Driver file: luatex.def on input line 107.

(C:/Users/Ananda/AppData/Local/Programs/MiKTeX/tex/latex/graphics-def/luatex.de
f
File: luatex.def 2022/09/22 v1.2d Graphics/color driver for luatex
))
\Gin@req@height=\dimen161
\Gin@req@width=\dimen162
)
(C:/Users/Ananda/AppData/Local/Programs/MiKTeX/tex/latex/tabularray/tabularray.
sty (C:/Users/Ananda/AppData/Local/Programs/MiKTeX/tex/latex/l3kernel/expl3.sty
Package: expl3 2022-12-17 L3 programming layer (loader) 

(C:/Users/Ananda/AppData/Local/Programs/MiKTeX/tex/latex/l3backend/l3backend-lu
atex.def
File: l3backend-luatex.def 2022-10-26 L3 backend support: PDF output (LuaTeX)
\l__color_backend_stack_int=\count279
\l__pdf_internal_box=\box60
))
Package: tabularray 2024-02-16 v2024A Typeset tabulars and arrays with LaTeX3
\l__tblr_a_int=\count280
\l__tblr_c_int=\count281
\l__tblr_r_int=\count282
\l__tblr_d_dim=\dimen163
\l__tblr_h_dim=\dimen164
\l__tblr_o_dim=\dimen165
\l__tblr_p_dim=\dimen166
\l__tblr_q_dim=\dimen167
\l__tblr_r_dim=\dimen168
\l__tblr_s_dim=\dimen169
\l__tblr_t_dim=\dimen170
\l__tblr_v_dim=\dimen171
\l__tblr_w_dim=\dimen172
\l__tblr_a_box=\box61
\l__tblr_b_box=\box62
\l__tblr_c_box=\box63
\l__tblr_d_box=\box64
\g__tblr_table_count_int=\count283
\c@rownum=\count284
\c@colnum=\count285
\c@rowcount=\count286
\c@colcount=\count287
\abovesep=\dimen173
\belowsep=\dimen174
\leftsep=\dimen175
\rightsep=\dimen176
\g_tblr_level_int=\count288
\g__tblr_data_row_key_count_int=\count289
\g__tblr_data_column_key_count_int=\count290
\g__tblr_data_cell_key_count_int=\count291
\g__tblr_array_int=\count292
\l__tblr_key_count_int=\count293
\l__tblr_key_quotient_int=\count294
\l__tblr_key_quotient_two_int=\count295
\l__tblr_key_remainder_int=\count296
\g__tblr_data_str_value_count_int=\count297
\rulewidth=\dimen177
\l__tblr_strut_dp_dim=\dimen178
\l__tblr_strut_ht_dim=\dimen179
\g__tblr_cell_wd_dim=\dimen180
\g__tblr_cell_ht_dim=\dimen181
\g__tblr_cell_head_dim=\dimen182
\g__tblr_cell_foot_dim=\dimen183
\l__column_target_dim=\dimen184
\l__tblr_caption_box=\box65
\l__tblr_caption_left_box=\box66
\l__tblr_row_head_box=\box67
\l__tblr_row_foot_box=\box68
\l__tblr_row_head_foot_dim=\dimen185
\tablewidth=\dimen186
\l__tblr_table_firsthead_box=\box69
\l__tblr_table_middlehead_box=\box70
\l__tblr_table_lasthead_box=\box71
\l__tblr_table_firstfoot_box=\box72
\l__tblr_table_middlefoot_box=\box73
\l__tblr_table_lastfoot_box=\box74
\l__tblr_remain_height_dim=\dimen187
\l__tblr_long_from_int=\count298
\l__tblr_long_to_int=\count299
\l__tblr_curr_i_int=\count300
\l__tblr_prev_i_int=\count301
\l__tblr_table_page_int=\count302
\l__tblr_table_head_box=\box75
\l__tblr_table_foot_box=\box76
\l__tblr_table_head_foot_dim=\dimen188
\l__tblr_table_head_body_foot_dim=\dimen189
\l__tblr_table_box=\box77
\l__tblr_table_hlines_box=\box78
\l__tblr_hline_box=\box79
\l__tblr_row_box=\box80
\l__tblr_col_o_wd_dim=\dimen190
\l__tblr_col_b_wd_dim=\dimen191
\l__tblr_hline_leftskip_dim=\dimen192
\l__tblr_hline_rightskip_dim=\dimen193
\l__tblr_row_ht_dim=\dimen194
\l__tblr_row_dp_dim=\dimen195
\l__tblr_row_abovesep_dim=\dimen196
\l__tblr_row_belowsep_dim=\dimen197
\l__tblr_row_vlines_box=\box81
\l__tblr_vline_box=\box82
\l__tblr_cell_box=\box83
\l__row_upper_dim=\dimen198
\l__row_lower_dim=\dimen199
\l__row_vpace_dim=\dimen256
\l__tblr_vline_aboveskip_dim=\dimen257
\l__tblr_vline_belowskip_dim=\dimen258
\l__tblr_cell_wd_dim=\dimen259
\l__tblr_cell_ht_dim=\dimen260
\l__tblr_diag_box=\box84
)
(C:/Users/Ananda/AppData/Local/Programs/MiKTeX/tex/latex/undertilde/undertilde.
sty
Package: undertilde 2000/08/08 v1.0 Tilde under a math object
\knuthian@fdfive=\skip64
)
(C:/Users/Ananda/AppData/Local/Programs/MiKTeX/tex/latex/dingbat/dingbat.sty
Package: dingbat 2001/04/27 v1.00 Hands and other dingbats
)
(C:/Users/Ananda/AppData/Local/Programs/MiKTeX/tex/latex/fontawesome5/fontaweso
me5.sty
Package: fontawesome5 2022/05/02 v5.15.4 Font Awesome 5

(C:/Users/Ananda/AppData/Local/Programs/MiKTeX/tex/latex/l3packages/l3keys2e/l3
keys2e.sty
Package: l3keys2e 2022-12-17 LaTeX2e option processing using LaTeX3 keys
)
(C:/Users/Ananda/AppData/Local/Programs/MiKTeX/tex/latex/l3packages/xparse/xpar
se.sty
Package: xparse 2022-12-17 L3 Experimental document command parser
)
(C:/Users/Ananda/AppData/Local/Programs/MiKTeX/tex/latex/fontawesome5/fontaweso
me5-utex-helper.sty
Package: fontawesome5-utex-helper 2022/05/02 v5.15.4 uTeX helper for fontawesom
e5

(C:/Users/Ananda/AppData/Local/Programs/MiKTeX/tex/luatex/luatexbase/luatexbase
.sty
Package: luatexbase 2015/10/04 v1.3 luatexbase interface to LuaTeX 

(C:/Users/Ananda/AppData/Local/Programs/MiKTeX/tex/luatex/ctablestack/ctablesta
ck.sty
Package: ctablestack 2015/10/01 v1.0 Catcode table stable support
\@catcodetablestackcnt=\count303
)
\CatcodeTableOther=\catcodetable12
\CatcodeTableExpl=\catcodetable13
)
LaTeX Font Info:    Trying to load font information for TU+fontawesomefree on i
nput line 69.

(C:/Users/Ananda/AppData/Local/Programs/MiKTeX/tex/latex/fontawesome5/tufontawe
somefree.fd)
LaTeX Font Info:    Trying to load font information for TU+fontawesomebrands on
 input line 70.

(C:/Users/Ananda/AppData/Local/Programs/MiKTeX/tex/latex/fontawesome5/tufontawe
somebrands.fd)))
(C:/Users/Ananda/AppData/Local/Programs/MiKTeX/tex/latex/hyperref/hyperref.sty
Package: hyperref 2022-11-13 v7.00u Hypertext links for LaTeX

(C:/Users/Ananda/AppData/Local/Programs/MiKTeX/tex/generic/ltxcmds/ltxcmds.sty
Package: ltxcmds 2020-05-10 v1.25 LaTeX kernel commands for general use (HO)
)
(C:/Users/Ananda/AppData/Local/Programs/MiKTeX/tex/generic/pdftexcmds/pdftexcmd
s.sty
Package: pdftexcmds 2020-06-27 v0.33 Utility functions of pdfTeX for LuaTeX (HO
)

(C:/Users/Ananda/AppData/Local/Programs/MiKTeX/tex/generic/infwarerr/infwarerr.
sty
Package: infwarerr 2019/12/03 v1.5 Providing info/warning/error messages (HO)
)
Package pdftexcmds Info: \pdf@primitive is available.
Package pdftexcmds Info: \pdf@ifprimitive is available.
Package pdftexcmds Info: \pdfdraftmode found.
\pdftexcmds@toks=\toks32
)
(C:/Users/Ananda/AppData/Local/Programs/MiKTeX/tex/latex/kvsetkeys/kvsetkeys.st
y
Package: kvsetkeys 2022-10-05 v1.19 Key value parser (HO)
)
(C:/Users/Ananda/AppData/Local/Programs/MiKTeX/tex/generic/kvdefinekeys/kvdefin
ekeys.sty
Package: kvdefinekeys 2019-12-19 v1.6 Define keys (HO)
)
(C:/Users/Ananda/AppData/Local/Programs/MiKTeX/tex/generic/pdfescape/pdfescape.
sty
Package: pdfescape 2019/12/09 v1.15 Implements pdfTeX's escape features (HO)
)
(C:/Users/Ananda/AppData/Local/Programs/MiKTeX/tex/latex/hycolor/hycolor.sty
Package: hycolor 2020-01-27 v1.10 Color options for hyperref/bookmark (HO)
)
(C:/Users/Ananda/AppData/Local/Programs/MiKTeX/tex/latex/letltxmacro/letltxmacr
o.sty
Package: letltxmacro 2019/12/03 v1.6 Let assignment for LaTeX macros (HO)
)
(C:/Users/Ananda/AppData/Local/Programs/MiKTeX/tex/latex/auxhook/auxhook.sty
Package: auxhook 2019-12-17 v1.6 Hooks for auxiliary files (HO)
)
(C:/Users/Ananda/AppData/Local/Programs/MiKTeX/tex/latex/hyperref/nameref.sty
Package: nameref 2022-05-17 v2.50 Cross-referencing by name of section

(C:/Users/Ananda/AppData/Local/Programs/MiKTeX/tex/latex/refcount/refcount.sty
Package: refcount 2019/12/15 v3.6 Data extraction from label references (HO)
)
(C:/Users/Ananda/AppData/Local/Programs/MiKTeX/tex/generic/gettitlestring/getti
tlestring.sty
Package: gettitlestring 2019/12/15 v1.6 Cleanup title references (HO)

(C:/Users/Ananda/AppData/Local/Programs/MiKTeX/tex/latex/kvoptions/kvoptions.st
y
Package: kvoptions 2022-06-15 v3.15 Key value format for package options (HO)
))
\c@section@level=\count304
)
\@linkdim=\dimen261
\Hy@linkcounter=\count305
\Hy@pagecounter=\count306

(C:/Users/Ananda/AppData/Local/Programs/MiKTeX/tex/latex/hyperref/pd1enc.def
File: pd1enc.def 2022-11-13 v7.00u Hyperref: PDFDocEncoding definition (HO)
)
(C:/Users/Ananda/AppData/Local/Programs/MiKTeX/tex/generic/intcalc/intcalc.sty
Package: intcalc 2019/12/15 v1.3 Expandable calculations with integers (HO)
)
(C:/Users/Ananda/AppData/Local/Programs/MiKTeX/tex/generic/etexcmds/etexcmds.st
y
Package: etexcmds 2019/12/15 v1.7 Avoid name clashes with e-TeX commands (HO)
)
\Hy@SavedSpaceFactor=\count307
 (C:/Users/Ananda/AppData/Local/Programs/MiKTeX/tex/latex/hyperref/puenc.def
File: puenc.def 2022-11-13 v7.00u Hyperref: PDF Unicode definition (HO)
)
Package hyperref Info: Option `colorlinks' set `true' on input line 4045.
Package hyperref Info: Hyper figures OFF on input line 4162.
Package hyperref Info: Link nesting OFF on input line 4167.
Package hyperref Info: Hyper index ON on input line 4170.
Package hyperref Info: Plain pages OFF on input line 4177.
Package hyperref Info: Backreferencing OFF on input line 4182.
Package hyperref Info: Implicit mode ON; LaTeX internals redefined.
Package hyperref Info: Bookmarks ON on input line 4410.
\c@Hy@tempcnt=\count308
(C:/Users/Ananda/AppData/Local/Programs/MiKTeX/tex/latex/url/url.sty
\Urlmuskip=\muskip17
Package: url 2013/09/16  ver 3.4  Verb mode for urls, etc.
)
LaTeX Info: Redefining \url on input line 4748.
\XeTeXLinkMargin=\dimen262

(C:/Users/Ananda/AppData/Local/Programs/MiKTeX/tex/generic/bitset/bitset.sty
Package: bitset 2019/12/09 v1.3 Handle bit-vector datatype (HO)

(C:/Users/Ananda/AppData/Local/Programs/MiKTeX/tex/generic/bigintcalc/bigintcal
c.sty
Package: bigintcalc 2019/12/15 v1.5 Expandable calculations on big integers (HO
)
))
\Fld@menulength=\count309
\Field@Width=\dimen263
\Fld@charsize=\dimen264
Package hyperref Info: Hyper figures OFF on input line 6027.
Package hyperref Info: Link nesting OFF on input line 6032.
Package hyperref Info: Hyper index ON on input line 6035.
Package hyperref Info: backreferencing OFF on input line 6042.
Package hyperref Info: Link coloring ON on input line 6045.
Package hyperref Info: Link coloring with OCG OFF on input line 6052.
Package hyperref Info: PDF/A mode OFF on input line 6057.

(C:/Users/Ananda/AppData/Local/Programs/MiKTeX/tex/latex/base/atbegshi-ltx.sty
Package: atbegshi-ltx 2021/01/10 v1.0c Emulation of the original atbegshi
package with kernel methods
)
\Hy@abspage=\count310
\c@Item=\count311
\c@Hfootnote=\count312
)
Package hyperref Info: Driver (autodetected): hluatex.
 (C:/Users/Ananda/AppData/Local/Programs/MiKTeX/tex/latex/hyperref/hluatex.def
File: hluatex.def 2022-11-13 v7.00u Hyperref driver for luaTeX

(C:/Users/Ananda/AppData/Local/Programs/MiKTeX/tex/generic/stringenc/stringenc.
sty
Package: stringenc 2019/11/29 v1.12 Convert strings between diff. encodings (HO
)
)
(C:/Users/Ananda/AppData/Local/Programs/MiKTeX/tex/latex/base/atveryend-ltx.sty
Package: atveryend-ltx 2020/08/19 v1.0a Emulation of the original atveryend pac
kage
with kernel methods
)
\Fld@listcount=\count313
\c@bookmark@seq@number=\count314

(C:/Users/Ananda/AppData/Local/Programs/MiKTeX/tex/latex/rerunfilecheck/rerunfi
lecheck.sty
Package: rerunfilecheck 2022-07-10 v1.10 Rerun checks for auxiliary files (HO)

(C:/Users/Ananda/AppData/Local/Programs/MiKTeX/tex/generic/uniquecounter/unique
counter.sty
Package: uniquecounter 2019/12/15 v1.4 Provide unlimited unique counter (HO)
)
Package uniquecounter Info: New unique counter `rerunfilecheck' on input line 2
85.
)
\Hy@SectionHShift=\skip65
)
(C:/Users/Ananda/AppData/Local/Programs/MiKTeX/tex/latex/tasks/tasks.sty
(C:/Users/Ananda/AppData/Local/Programs/MiKTeX/tex/latex/l3packages/xtemplate/x
template.sty
Package: xtemplate 2022-12-17 L3 Experimental prototype document functions
\l__xtemplate_tmp_dim=\dimen265
\l__xtemplate_tmp_int=\count315
\l__xtemplate_tmp_muskip=\muskip18
\l__xtemplate_tmp_skip=\skip66
)
Package: tasks 2022/01/08 v1.4a lists with columns filled horizontally
\g__tasks_total_items_int=\count316
\l__tasks_columns_int=\count317
\g__tasks_rows_int=\count318
\g__tasks_current_col_num_int=\count319
\g__tasks_current_row_num_int=\count320
\l__tasks_item_columns_int=\count321
\g__tasks_env_int=\count322
\l__tasks_start_int=\count323
\l__tasks_item_indent_dim=\dimen266
\l__tasks_item_default_indent_dim=\dimen267
\l__tasks_item_width_dim=\dimen268
\l__tasks_label_width_dim=\dimen269
\l__tasks_label_default_width_dim=\dimen270
\l__tasks_label_offset_dim=\dimen271
\l__tasks_label_default_offset_dim=\dimen272
\l__tasks_column_sep_dim=\dimen273
\l__tasks_correction_dim=\dimen274
\l__tasks_full_width_dim=\dimen275
\l__tasks_after_item_skip=\skip67
\l__tasks_custom_after_item_skip=\skip68
\l__tasks_before_list_skip=\skip69
\l__tasks_after_list_skip=\skip70
\l__tasks_item_coffin=\box85
\l__tasks_label_coffin=\box86
\c@task=\count324
\l__tasks_tmpa_int=\count325
\l__tasks_tmpb_int=\count326
\l__tasks_tmpa_coffin=\box87
\l__tasks_tmpa_box=\box88

Package xtemplate Info: Declaring object type 'tasks' taking 3 argument(s) on
(xtemplate)             line 450.


(C:/Users/Ananda/AppData/Local/Programs/MiKTeX/tex/latex/tasks/tasks.cfg))
(C:/Users/Ananda/AppData/Local/Programs/MiKTeX/tex/latex/bbding/bbding.sty
Package: bbding 1999/04/15 v1.01 Dingbats symbols
)
(C:/Users/Ananda/AppData/Local/Programs/MiKTeX/tex/latex/twemojis/twemojis.sty
Package: twemojis 2022/03/30 v1.3.1 LaTeX twemojis (twemoji v14.0.1)

(C:/Users/Ananda/AppData/Local/Programs/MiKTeX/tex/latex/pgf/frontendlayer/tikz
.sty
(C:/Users/Ananda/AppData/Local/Programs/MiKTeX/tex/latex/pgf/basiclayer/pgf.sty

(C:/Users/Ananda/AppData/Local/Programs/MiKTeX/tex/latex/pgf/utilities/pgfrcs.s
ty
(C:/Users/Ananda/AppData/Local/Programs/MiKTeX/tex/generic/pgf/utilities/pgfuti
l-common.tex
\pgfutil@everybye=\toks33
\pgfutil@tempdima=\dimen276
\pgfutil@tempdimb=\dimen277

(C:/Users/Ananda/AppData/Local/Programs/MiKTeX/tex/generic/pgf/utilities/pgfuti
l-common-lists.tex))
(C:/Users/Ananda/AppData/Local/Programs/MiKTeX/tex/generic/pgf/utilities/pgfuti
l-latex.def
\pgfutil@abb=\box89
)
(C:/Users/Ananda/AppData/Local/Programs/MiKTeX/tex/generic/pgf/utilities/pgfrcs
.code.tex
(C:/Users/Ananda/AppData/Local/Programs/MiKTeX/tex/generic/pgf/pgf.revision.tex
)
Package: pgfrcs 2021/05/15 v3.1.9a (3.1.9a)
))
Package: pgf 2021/05/15 v3.1.9a (3.1.9a)

(C:/Users/Ananda/AppData/Local/Programs/MiKTeX/tex/latex/pgf/basiclayer/pgfcore
.sty
(C:/Users/Ananda/AppData/Local/Programs/MiKTeX/tex/latex/pgf/systemlayer/pgfsys
.sty
(C:/Users/Ananda/AppData/Local/Programs/MiKTeX/tex/generic/pgf/systemlayer/pgfs
ys.code.tex
Package: pgfsys 2021/05/15 v3.1.9a (3.1.9a)

(C:/Users/Ananda/AppData/Local/Programs/MiKTeX/tex/generic/pgf/utilities/pgfkey
s.code.tex
\pgfkeys@pathtoks=\toks34
\pgfkeys@temptoks=\toks35

(C:/Users/Ananda/AppData/Local/Programs/MiKTeX/tex/generic/pgf/utilities/pgfkey
sfiltered.code.tex
\pgfkeys@tmptoks=\toks36
))
\pgf@x=\dimen278
\pgf@y=\dimen279
\pgf@xa=\dimen280
\pgf@ya=\dimen281
\pgf@xb=\dimen282
\pgf@yb=\dimen283
\pgf@xc=\dimen284
\pgf@yc=\dimen285
\pgf@xd=\dimen286
\pgf@yd=\dimen287
\w@pgf@writea=\write3
\r@pgf@reada=\read2
\c@pgf@counta=\count327
\c@pgf@countb=\count328
\c@pgf@countc=\count329
\c@pgf@countd=\count330
\t@pgf@toka=\toks37
\t@pgf@tokb=\toks38
\t@pgf@tokc=\toks39
\pgf@sys@id@count=\count331

(C:/Users/Ananda/AppData/Local/Programs/MiKTeX/tex/generic/pgf/systemlayer/pgf.
cfg
File: pgf.cfg 2021/05/15 v3.1.9a (3.1.9a)
)
Driver file for pgf: pgfsys-luatex.def

(C:/Users/Ananda/AppData/Local/Programs/MiKTeX/tex/generic/pgf/systemlayer/pgfs
ys-luatex.def
File: pgfsys-luatex.def 2021/05/15 v3.1.9a (3.1.9a)

(C:/Users/Ananda/AppData/Local/Programs/MiKTeX/tex/generic/pgf/systemlayer/pgfs
ys-common-pdf.def
File: pgfsys-common-pdf.def 2021/05/15 v3.1.9a (3.1.9a)
)))
(C:/Users/Ananda/AppData/Local/Programs/MiKTeX/tex/generic/pgf/systemlayer/pgfs
yssoftpath.code.tex
File: pgfsyssoftpath.code.tex 2021/05/15 v3.1.9a (3.1.9a)
\pgfsyssoftpath@smallbuffer@items=\count332
\pgfsyssoftpath@bigbuffer@items=\count333
)
(C:/Users/Ananda/AppData/Local/Programs/MiKTeX/tex/generic/pgf/systemlayer/pgfs
ysprotocol.code.tex
File: pgfsysprotocol.code.tex 2021/05/15 v3.1.9a (3.1.9a)
))
(C:/Users/Ananda/AppData/Local/Programs/MiKTeX/tex/latex/xcolor/xcolor.sty
Package: xcolor 2022/06/12 v2.14 LaTeX color extensions (UK)

(C:/Users/Ananda/AppData/Local/Programs/MiKTeX/tex/latex/graphics-cfg/color.cfg
File: color.cfg 2016/01/02 v1.6 sample color configuration
)
Package xcolor Info: Driver file: luatex.def on input line 227.

(C:/Users/Ananda/AppData/Local/Programs/MiKTeX/tex/latex/graphics/mathcolor.ltx
)
Package xcolor Info: Model `cmy' substituted by `cmy0' on input line 1353.
Package xcolor Info: Model `hsb' substituted by `rgb' on input line 1357.
Package xcolor Info: Model `RGB' extended on input line 1369.
Package xcolor Info: Model `HTML' substituted by `rgb' on input line 1371.
Package xcolor Info: Model `Hsb' substituted by `hsb' on input line 1372.
Package xcolor Info: Model `tHsb' substituted by `hsb' on input line 1373.
Package xcolor Info: Model `HSB' substituted by `hsb' on input line 1374.
Package xcolor Info: Model `Gray' substituted by `gray' on input line 1375.
Package xcolor Info: Model `wave' substituted by `hsb' on input line 1376.
)
(C:/Users/Ananda/AppData/Local/Programs/MiKTeX/tex/generic/pgf/basiclayer/pgfco
re.code.tex
Package: pgfcore 2021/05/15 v3.1.9a (3.1.9a)

(C:/Users/Ananda/AppData/Local/Programs/MiKTeX/tex/generic/pgf/math/pgfmath.cod
e.tex
(C:/Users/Ananda/AppData/Local/Programs/MiKTeX/tex/generic/pgf/math/pgfmathcalc
.code.tex
(C:/Users/Ananda/AppData/Local/Programs/MiKTeX/tex/generic/pgf/math/pgfmathutil
.code.tex)
(C:/Users/Ananda/AppData/Local/Programs/MiKTeX/tex/generic/pgf/math/pgfmathpars
er.code.tex
\pgfmath@dimen=\dimen288
\pgfmath@count=\count334
\pgfmath@box=\box90
\pgfmath@toks=\toks40
\pgfmath@stack@operand=\toks41
\pgfmath@stack@operation=\toks42
)
(C:/Users/Ananda/AppData/Local/Programs/MiKTeX/tex/generic/pgf/math/pgfmathfunc
tions.code.tex
(C:/Users/Ananda/AppData/Local/Programs/MiKTeX/tex/generic/pgf/math/pgfmathfunc
tions.basic.code.tex)
(C:/Users/Ananda/AppData/Local/Programs/MiKTeX/tex/generic/pgf/math/pgfmathfunc
tions.trigonometric.code.tex)
(C:/Users/Ananda/AppData/Local/Programs/MiKTeX/tex/generic/pgf/math/pgfmathfunc
tions.random.code.tex)
(C:/Users/Ananda/AppData/Local/Programs/MiKTeX/tex/generic/pgf/math/pgfmathfunc
tions.comparison.code.tex)
(C:/Users/Ananda/AppData/Local/Programs/MiKTeX/tex/generic/pgf/math/pgfmathfunc
tions.base.code.tex)
(C:/Users/Ananda/AppData/Local/Programs/MiKTeX/tex/generic/pgf/math/pgfmathfunc
tions.round.code.tex)
(C:/Users/Ananda/AppData/Local/Programs/MiKTeX/tex/generic/pgf/math/pgfmathfunc
tions.misc.code.tex)
(C:/Users/Ananda/AppData/Local/Programs/MiKTeX/tex/generic/pgf/math/pgfmathfunc
tions.integerarithmetics.code.tex)))
(C:/Users/Ananda/AppData/Local/Programs/MiKTeX/tex/generic/pgf/math/pgfmathfloa
t.code.tex
\c@pgfmathroundto@lastzeros=\count335
))
(C:/Users/Ananda/AppData/Local/Programs/MiKTeX/tex/generic/pgf/math/pgfint.code
.tex)
(C:/Users/Ananda/AppData/Local/Programs/MiKTeX/tex/generic/pgf/basiclayer/pgfco
repoints.code.tex
File: pgfcorepoints.code.tex 2021/05/15 v3.1.9a (3.1.9a)
\pgf@picminx=\dimen289
\pgf@picmaxx=\dimen290
\pgf@picminy=\dimen291
\pgf@picmaxy=\dimen292
\pgf@pathminx=\dimen293
\pgf@pathmaxx=\dimen294
\pgf@pathminy=\dimen295
\pgf@pathmaxy=\dimen296
\pgf@xx=\dimen297
\pgf@xy=\dimen298
\pgf@yx=\dimen299
\pgf@yy=\dimen300
\pgf@zx=\dimen301
\pgf@zy=\dimen302
)
(C:/Users/Ananda/AppData/Local/Programs/MiKTeX/tex/generic/pgf/basiclayer/pgfco
repathconstruct.code.tex
File: pgfcorepathconstruct.code.tex 2021/05/15 v3.1.9a (3.1.9a)
\pgf@path@lastx=\dimen303
\pgf@path@lasty=\dimen304
)
(C:/Users/Ananda/AppData/Local/Programs/MiKTeX/tex/generic/pgf/basiclayer/pgfco
repathusage.code.tex
File: pgfcorepathusage.code.tex 2021/05/15 v3.1.9a (3.1.9a)
\pgf@shorten@end@additional=\dimen305
\pgf@shorten@start@additional=\dimen306
)
(C:/Users/Ananda/AppData/Local/Programs/MiKTeX/tex/generic/pgf/basiclayer/pgfco
rescopes.code.tex
File: pgfcorescopes.code.tex 2021/05/15 v3.1.9a (3.1.9a)
\pgfpic=\box91
\pgf@hbox=\box92
\pgf@layerbox@main=\box93
\pgf@picture@serial@count=\count336
)
(C:/Users/Ananda/AppData/Local/Programs/MiKTeX/tex/generic/pgf/basiclayer/pgfco
regraphicstate.code.tex
File: pgfcoregraphicstate.code.tex 2021/05/15 v3.1.9a (3.1.9a)
\pgflinewidth=\dimen307
)
(C:/Users/Ananda/AppData/Local/Programs/MiKTeX/tex/generic/pgf/basiclayer/pgfco
retransformations.code.tex
File: pgfcoretransformations.code.tex 2021/05/15 v3.1.9a (3.1.9a)
\pgf@pt@x=\dimen308
\pgf@pt@y=\dimen309
\pgf@pt@temp=\dimen310
)
(C:/Users/Ananda/AppData/Local/Programs/MiKTeX/tex/generic/pgf/basiclayer/pgfco
requick.code.tex
File: pgfcorequick.code.tex 2021/05/15 v3.1.9a (3.1.9a)
)
(C:/Users/Ananda/AppData/Local/Programs/MiKTeX/tex/generic/pgf/basiclayer/pgfco
reobjects.code.tex
File: pgfcoreobjects.code.tex 2021/05/15 v3.1.9a (3.1.9a)
)
(C:/Users/Ananda/AppData/Local/Programs/MiKTeX/tex/generic/pgf/basiclayer/pgfco
repathprocessing.code.tex
File: pgfcorepathprocessing.code.tex 2021/05/15 v3.1.9a (3.1.9a)
)
(C:/Users/Ananda/AppData/Local/Programs/MiKTeX/tex/generic/pgf/basiclayer/pgfco
rearrows.code.tex
File: pgfcorearrows.code.tex 2021/05/15 v3.1.9a (3.1.9a)
\pgfarrowsep=\dimen311
)
(C:/Users/Ananda/AppData/Local/Programs/MiKTeX/tex/generic/pgf/basiclayer/pgfco
reshade.code.tex
File: pgfcoreshade.code.tex 2021/05/15 v3.1.9a (3.1.9a)
\pgf@max=\dimen312
\pgf@sys@shading@range@num=\count337
\pgf@shadingcount=\count338
)
(C:/Users/Ananda/AppData/Local/Programs/MiKTeX/tex/generic/pgf/basiclayer/pgfco
reimage.code.tex
File: pgfcoreimage.code.tex 2021/05/15 v3.1.9a (3.1.9a)

(C:/Users/Ananda/AppData/Local/Programs/MiKTeX/tex/generic/pgf/basiclayer/pgfco
reexternal.code.tex
File: pgfcoreexternal.code.tex 2021/05/15 v3.1.9a (3.1.9a)
\pgfexternal@startupbox=\box94
))
(C:/Users/Ananda/AppData/Local/Programs/MiKTeX/tex/generic/pgf/basiclayer/pgfco
relayers.code.tex
File: pgfcorelayers.code.tex 2021/05/15 v3.1.9a (3.1.9a)
)
(C:/Users/Ananda/AppData/Local/Programs/MiKTeX/tex/generic/pgf/basiclayer/pgfco
retransparency.code.tex
File: pgfcoretransparency.code.tex 2021/05/15 v3.1.9a (3.1.9a)
)
(C:/Users/Ananda/AppData/Local/Programs/MiKTeX/tex/generic/pgf/basiclayer/pgfco
repatterns.code.tex
File: pgfcorepatterns.code.tex 2021/05/15 v3.1.9a (3.1.9a)
)
(C:/Users/Ananda/AppData/Local/Programs/MiKTeX/tex/generic/pgf/basiclayer/pgfco
rerdf.code.tex
File: pgfcorerdf.code.tex 2021/05/15 v3.1.9a (3.1.9a)
)))
(C:/Users/Ananda/AppData/Local/Programs/MiKTeX/tex/generic/pgf/modules/pgfmodul
eshapes.code.tex
File: pgfmoduleshapes.code.tex 2021/05/15 v3.1.9a (3.1.9a)
\pgfnodeparttextbox=\box95
)
(C:/Users/Ananda/AppData/Local/Programs/MiKTeX/tex/generic/pgf/modules/pgfmodul
eplot.code.tex
File: pgfmoduleplot.code.tex 2021/05/15 v3.1.9a (3.1.9a)
)
(C:/Users/Ananda/AppData/Local/Programs/MiKTeX/tex/latex/pgf/compatibility/pgfc
omp-version-0-65.sty
Package: pgfcomp-version-0-65 2021/05/15 v3.1.9a (3.1.9a)
\pgf@nodesepstart=\dimen313
\pgf@nodesepend=\dimen314
)
(C:/Users/Ananda/AppData/Local/Programs/MiKTeX/tex/latex/pgf/compatibility/pgfc
omp-version-1-18.sty
Package: pgfcomp-version-1-18 2021/05/15 v3.1.9a (3.1.9a)
))
(C:/Users/Ananda/AppData/Local/Programs/MiKTeX/tex/latex/pgf/utilities/pgffor.s
ty
(C:/Users/Ananda/AppData/Local/Programs/MiKTeX/tex/latex/pgf/utilities/pgfkeys.
sty
(C:/Users/Ananda/AppData/Local/Programs/MiKTeX/tex/generic/pgf/utilities/pgfkey
s.code.tex))
(C:/Users/Ananda/AppData/Local/Programs/MiKTeX/tex/latex/pgf/math/pgfmath.sty
(C:/Users/Ananda/AppData/Local/Programs/MiKTeX/tex/generic/pgf/math/pgfmath.cod
e.tex))
(C:/Users/Ananda/AppData/Local/Programs/MiKTeX/tex/generic/pgf/utilities/pgffor
.code.tex
Package: pgffor 2021/05/15 v3.1.9a (3.1.9a)

(C:/Users/Ananda/AppData/Local/Programs/MiKTeX/tex/generic/pgf/math/pgfmath.cod
e.tex)
\pgffor@iter=\dimen315
\pgffor@skip=\dimen316
\pgffor@stack=\toks43
\pgffor@toks=\toks44
))
(C:/Users/Ananda/AppData/Local/Programs/MiKTeX/tex/generic/pgf/frontendlayer/ti
kz/tikz.code.tex
Package: tikz 2021/05/15 v3.1.9a (3.1.9a)

(C:/Users/Ananda/AppData/Local/Programs/MiKTeX/tex/generic/pgf/libraries/pgflib
raryplothandlers.code.tex
File: pgflibraryplothandlers.code.tex 2021/05/15 v3.1.9a (3.1.9a)
\pgf@plot@mark@count=\count339
\pgfplotmarksize=\dimen317
)
\tikz@lastx=\dimen318
\tikz@lasty=\dimen319
\tikz@lastxsaved=\dimen320
\tikz@lastysaved=\dimen321
\tikz@lastmovetox=\dimen322
\tikz@lastmovetoy=\dimen323
\tikzleveldistance=\dimen324
\tikzsiblingdistance=\dimen325
\tikz@figbox=\box96
\tikz@figbox@bg=\box97
\tikz@tempbox=\box98
\tikz@tempbox@bg=\box99
\tikztreelevel=\count340
\tikznumberofchildren=\count341
\tikznumberofcurrentchild=\count342
\tikz@fig@count=\count343

(C:/Users/Ananda/AppData/Local/Programs/MiKTeX/tex/generic/pgf/modules/pgfmodul
ematrix.code.tex
File: pgfmodulematrix.code.tex 2021/05/15 v3.1.9a (3.1.9a)
\pgfmatrixcurrentrow=\count344
\pgfmatrixcurrentcolumn=\count345
\pgf@matrix@numberofcolumns=\count346
)
\tikz@expandcount=\count347

(C:/Users/Ananda/AppData/Local/Programs/MiKTeX/tex/generic/pgf/frontendlayer/ti
kz/libraries/tikzlibrarytopaths.code.tex
File: tikzlibrarytopaths.code.tex 2021/05/15 v3.1.9a (3.1.9a)
)))
(C:/Users/Ananda/AppData/Local/Programs/MiKTeX/tex/latex/base/ifthen.sty
Package: ifthen 2022/04/13 v1.1d Standard LaTeX ifthen package (DPC)
)
\twemojiDefaultHeight=\skip71
)
(C:/Users/Ananda/AppData/Local/Programs/MiKTeX/tex/latex/customdice/customdice.
sty
Package: customdice 2022/07/31 customdice 1.0

(C:/Users/Ananda/AppData/Local/Programs/MiKTeX/tex/latex/etoolbox/etoolbox.sty
Package: etoolbox 2020/10/05 v2.5k e-TeX tools for LaTeX (JAW)
\etb@tempcnta=\count348
)) (C:/Users/Ananda/AppData/Local/Programs/MiKTeX/tex/latex/bclogo/bclogo.sty
Package: bclogo 2024/01/23 v3.15

(C:/Users/Ananda/AppData/Local/Programs/MiKTeX/tex/latex/xkeyval/xkeyval.sty
Package: xkeyval 2022/06/16 v2.9 package option processing (HA)

(C:/Users/Ananda/AppData/Local/Programs/MiKTeX/tex/generic/xkeyval/xkeyval.tex
(C:/Users/Ananda/AppData/Local/Programs/MiKTeX/tex/generic/xkeyval/xkvutils.tex
\XKV@toks=\toks45
\XKV@tempa@toks=\toks46
)
\XKV@depth=\count349
File: xkeyval.tex 2014/12/03 v2.7a key=value parser (HA)
))
\bc@invboxh=\skip72
\bc@invboxd=\skip73
\bc@titleLength=\skip74
\logowidth=\skip75

(C:/Users/Ananda/AppData/Local/Programs/MiKTeX/tex/latex/pstricks/pstricks.sty
Package: pstricks 2024/02/02 v0.75 LaTeX wrapper for `PSTricks' (RN,HV)

(C:/Users/Ananda/AppData/Local/Programs/MiKTeX/tex/generic/xkeyval/pst-xkey.tex
File: pst-xkey.tex 2005/11/25 v1.6 PSTricks specialization of xkeyval (HA)
)
(C:/Users/Ananda/AppData/Local/Programs/MiKTeX/tex/generic/pstricks/pstricks.te
x
(C:/Users/Ananda/AppData/Local/Programs/MiKTeX/tex/generic/pstricks/pst-fp.tex
`pst-fp' v0.06, 2020/11/20 (hv)
\pstFP@xs=\count350
\pstFP@xia=\count351
\pstFP@xib=\count352
\pstFP@xfa=\count353
\pstFP@xfb=\count354
\pstFP@rega=\count355
\pstFP@regb=\count356
\pstFP@regs=\count357
\pstFP@times=\count358
)
\psLoopIndex=\count359

`PSTricks' v3.22  <2025/06/11> (tvz,hv)
\pst@dima=\dimen326
\pst@dimb=\dimen327
\pst@dimc=\dimen328
\pst@dimd=\dimen329
\pst@dimg=\dimen330
\pst@dimh=\dimen331
\pst@dimm=\dimen332
\pst@dimn=\dimen333
\pst@dimo=\dimen334
\pst@dimp=\dimen335
\pst@hbox=\box100
\pst@ibox=\box101
\pst@boxg=\box102
\pst@cnta=\count360
\pst@cntb=\count361
\pst@cntc=\count362
\pst@cntd=\count363
\pst@cntg=\count364
\pst@cnth=\count365
\pst@cntm=\count366
\pst@cntn=\count367
\pst@cnto=\count368
\pst@cntp=\count369
\@zero=\count370
\pst@toks=\toks47
--- We are running lualatex with luapstricks ---
Lua module: luapstricks 2023-05-23 v0.10 PSTricks backend for LuaLaTeX
Lua function luaPST = 26
Lua function luaPSTcolor = 27
Lua function luaPSTbox = 28
(C:/Users/Ananda/AppData/Local/Programs/MiKTeX/tex/generic/pstricks/pstricks-co
lor.tex)
\psunit=\dimen336
\psxunit=\dimen337
\psyunit=\dimen338
\pst@C@@rType=\count371
\pslinewidth=\dimen339
\psk@startLW=\dimen340
\psk@endLW=\dimen341

(C:/Users/Ananda/AppData/Local/Programs/MiKTeX/tex/generic/pstricks/pstricks-ar
rows.tex
\pshooklength=\dimen342
\pshookwidth=\dimen343
)
\pst@customdefs=\toks48

(C:/Users/Ananda/AppData/Local/Programs/MiKTeX/tex/generic/pstricks/pstricks-do
ts.tex)
\pslinearc=\dimen344
\pst@symbolStep=\dimen345
\pst@symbolWidth=\dimen346
\pst@symbolLinewidth=\dimen347

(C:/Users/Ananda/AppData/Local/Programs/MiKTeX/tex/generic/pstricks/pst-code-gr
id.tex)
(C:/Users/Ananda/AppData/Local/Programs/MiKTeX/tex/generic/pstricks/pst-code-bo
x.tex
\everypsbox=\toks49
\psframesep=\dimen348
)
(C:/Users/Ananda/AppData/Local/Programs/MiKTeX/tex/generic/pstricks/pst-code-ar
c.tex)
(C:/Users/Ananda/AppData/Local/Programs/MiKTeX/tex/generic/pstricks/pst-code-ci
rcle_ellipse.tex)
(C:/Users/Ananda/AppData/Local/Programs/MiKTeX/tex/generic/pstricks/pst-code-re
f_rot.tex)
(C:/Users/Ananda/AppData/Local/Programs/MiKTeX/tex/generic/pstricks/pst-code-pu
t.tex
\pslabelsep=\dimen349
)
(C:/Users/Ananda/AppData/Local/Programs/MiKTeX/tex/generic/pstricks/pst-code-ps
picture.tex
\sh@wgridXunit=\dimen350
\sh@wgridYunit=\dimen351
\pst@shift=\dimen352
\ps@imagectr=\count372
))
File: pstricks.tex 2025/06/11 v3.22 `PSTricks' (tvz,hv)

(C:/Users/Ananda/AppData/Local/Programs/MiKTeX/tex/generic/pstricks/pst-fp.tex
`pst-fp' v0.06, 2020/11/20 (hv))
File: pst-fp.tex 2020/11/20 v0.06 `PST-fp' (hv)
)
(C:/Users/Ananda/AppData/Local/Programs/MiKTeX/tex/latex/pst-grad/pst-grad.sty
Package: pst-grad 2004/07/15 package wrapper for pst-grad.tex (hv)

(C:/Users/Ananda/AppData/Local/Programs/MiKTeX/tex/generic/pst-grad/pst-grad.te
x `pst-grad' v1.06, 2006/11/27 (tvz,dg,hv))
File: pst-grad.tex 2006/11/27 1.06 `pst-grad' (tvz)
)
(C:/Users/Ananda/AppData/Local/Programs/MiKTeX/tex/latex/pst-coil/pst-coil.sty
Package: pst-coil 2010/02/01 package wrapper for pst-coil.tex (hv)

(C:/Users/Ananda/AppData/Local/Programs/MiKTeX/tex/generic/pst-coil/pst-coil.te
x  v1.06, 2006/11/27
(C:/Users/Ananda/AppData/Local/Programs/MiKTeX/tex/generic/pst-node/pst-node.te
x  v1.44, 2024/07/04
\psrow=\count373
\pscol=\count374
\psmatrixcnt=\count375
\psrowsep=\skip76
\pscolsep=\skip77
\pst@args=\count376
\num@pts=\count377
\pst@argcnt=\count378
))
File: pst-coil.tex 2024/08/13 v1.08 `PST-coil' (tvz,hv)
)
(C:/Users/Ananda/AppData/Local/Programs/MiKTeX/tex/latex/mdframed/mdframed.sty
Package: mdframed 2013/07/01 1.9b: mdframed

(C:/Users/Ananda/AppData/Local/Programs/MiKTeX/tex/latex/zref/zref-abspage.sty
Package: zref-abspage 2025-06-08 v2.36 Module abspage for zref (HO)

(C:/Users/Ananda/AppData/Local/Programs/MiKTeX/tex/latex/zref/zref-base.sty
Package: zref-base 2025-06-08 v2.36 Module base for zref (HO)
Package zref Info: New property list: main on input line 767.
Package zref Info: New property: default on input line 768.
Package zref Info: New property: page on input line 769.
)
\c@abspage=\count379
Package zref Info: New property: abspage on input line 67.
)
(C:/Users/Ananda/AppData/Local/Programs/MiKTeX/tex/latex/needspace/needspace.st
y
Package: needspace 2025/03/13 v1.3e reserve vertical space
)
\mdf@templength=\skip78
\c@mdf@globalstyle@cnt=\count380
\mdf@skipabove@length=\skip79
\mdf@skipbelow@length=\skip80
\mdf@leftmargin@length=\skip81
\mdf@rightmargin@length=\skip82
\mdf@innerleftmargin@length=\skip83
\mdf@innerrightmargin@length=\skip84
\mdf@innertopmargin@length=\skip85
\mdf@innerbottommargin@length=\skip86
\mdf@splittopskip@length=\skip87
\mdf@splitbottomskip@length=\skip88
\mdf@outermargin@length=\skip89
\mdf@innermargin@length=\skip90
\mdf@linewidth@length=\skip91
\mdf@innerlinewidth@length=\skip92
\mdf@middlelinewidth@length=\skip93
\mdf@outerlinewidth@length=\skip94
\mdf@roundcorner@length=\skip95
\mdf@footenotedistance@length=\skip96
\mdf@userdefinedwidth@length=\skip97
\mdf@needspace@length=\skip98
\mdf@frametitleaboveskip@length=\skip99
\mdf@frametitlebelowskip@length=\skip100
\mdf@frametitlerulewidth@length=\skip101
\mdf@frametitleleftmargin@length=\skip102
\mdf@frametitlerightmargin@length=\skip103
\mdf@shadowsize@length=\skip104
\mdf@extratopheight@length=\skip105
\mdf@subtitleabovelinewidth@length=\skip106
\mdf@subtitlebelowlinewidth@length=\skip107
\mdf@subtitleaboveskip@length=\skip108
\mdf@subtitlebelowskip@length=\skip109
\mdf@subtitleinneraboveskip@length=\skip110
\mdf@subtitleinnerbelowskip@length=\skip111
\mdf@subsubtitleabovelinewidth@length=\skip112
\mdf@subsubtitlebelowlinewidth@length=\skip113
\mdf@subsubtitleaboveskip@length=\skip114
\mdf@subsubtitlebelowskip@length=\skip115
\mdf@subsubtitleinneraboveskip@length=\skip116
\mdf@subsubtitleinnerbelowskip@length=\skip117

(C:/Users/Ananda/AppData/Local/Programs/MiKTeX/tex/latex/pst-node/pst-node.sty
Package: pst-node 2012/09/18 v1.01 LaTeX wrapper for `pst-node' (HV)
Package: pst-node 2010/04/22 package wrapper for pst-node.tex

(C:/Users/Ananda/AppData/Local/Programs/MiKTeX/tex/generic/pst-node/pst-node.te
x)
File: pst-node.tex 2024/08/13 1.08 `pst-node' (tvz,hv)
)
(C:/Users/Ananda/AppData/Local/Programs/MiKTeX/tex/latex/mdframed/md-frame-2.md
f
File: md-frame-2.mdf 2013/07/01\ 1.9b: md-frame-2
)
\mdf@frametitlebox=\box103
\mdf@footnotebox=\box104
\mdf@splitbox@one=\box105
\mdf@splitbox@two=\box106
\mdf@splitbox@save=\box107
\mdfsplitboxwidth=\skip118
\mdfsplitboxtotalwidth=\skip119
\mdfsplitboxheight=\skip120
\mdfsplitboxdepth=\skip121
\mdfsplitboxtotalheight=\skip122
\mdfframetitleboxwidth=\skip123
\mdfframetitleboxtotalwidth=\skip124
\mdfframetitleboxheight=\skip125
\mdfframetitleboxdepth=\skip126
\mdfframetitleboxtotalheight=\skip127
\mdffootnoteboxwidth=\skip128
\mdffootnoteboxtotalwidth=\skip129
\mdffootnoteboxheight=\skip130
\mdffootnoteboxdepth=\skip131
\mdffootnoteboxtotalheight=\skip132
\mdftotallinewidth=\skip133
\mdfboundingboxwidth=\skip134
\mdfboundingboxtotalwidth=\skip135
\mdfboundingboxheight=\skip136
\mdfboundingboxdepth=\skip137
\mdfboundingboxtotalheight=\skip138
\mdf@freevspace@length=\skip139
\mdf@horizontalwidthofbox@length=\skip140
\mdf@verticalmarginwhole@length=\skip141
\mdf@horizontalspaceofbox=\skip142
\mdfsubtitleheight=\skip143
\mdfsubsubtitleheight=\skip144
\c@mdfcountframes=\count381

****** mdframed patching \endmdf@trivlist

****** -- success******

\mdf@envdepth=\count382
\c@mdf@env@i=\count383
\c@mdf@env@ii=\count384
\c@mdf@zref@counter=\count385
Package zref Info: New property: mdf@pagevalue on input line 895.
)
(C:/Users/Ananda/AppData/Local/Programs/MiKTeX/tex/latex/pst-blur/pst-blur.sty
Package: pst-blur 2005/09/08 package wrapper for pst-blur.tex (hv)

(C:/Users/Ananda/AppData/Local/Programs/MiKTeX/tex/generic/pst-blur/pst-blur.te
x  v2.0, 2005/09/08)
File: pst-blur.tex 2005/09/08 v2.0 `PST-blur' (hv)
)
(C:/Users/Ananda/AppData/Local/Programs/MiKTeX/tex/generic/iftex/ifpdf.sty
Package: ifpdf 2019/10/25 v3.4 ifpdf legacy package. Use iftex instead.
)
\c@bclogocompteur=\count386
\bcval@epBarre=\skip145
\bcval@framesep=\skip146
\bcval@tailleOndu=\skip147
\bcval@borderWidth=\skip148
\bcval@margeG=\skip149
\bcval@margeD=\skip150
\bc@envbox=\box108
)
(C:/Users/Ananda/AppData/Local/Programs/MiKTeX/tex/latex/simpsons/simpsons.sty
Package: simpsons 
)
(C:/Users/Ananda/AppData/Local/Programs/MiKTeX/tex/latex/tablefootnote/tablefoo
tnote.sty
Package: tablefootnote 2014/01/26 v1.1c Table foot notes (HMM)

(C:/Users/Ananda/AppData/Local/Programs/MiKTeX/tex/latex/xifthen/xifthen.sty
Package: xifthen 2015/11/05 v1.4.0 Extended ifthen features

(C:/Users/Ananda/AppData/Local/Programs/MiKTeX/tex/latex/tools/calc.sty
Package: calc 2017/05/25 v4.3 Infix arithmetic (KKT,FJ)
\calc@Acount=\count387
\calc@Bcount=\count388
\calc@Adimen=\dimen353
\calc@Bdimen=\dimen354
\calc@Askip=\skip151
\calc@Bskip=\skip152
LaTeX Info: Redefining \setlength on input line 80.
LaTeX Info: Redefining \addtolength on input line 81.
\calc@Ccount=\count389
\calc@Cskip=\skip153
)
(C:/Users/Ananda/AppData/Local/Programs/MiKTeX/tex/latex/ifmtarg/ifmtarg.sty
Package: ifmtarg 2018/04/16 v1.2b check for an empty argument
))) (C:/Users/Ananda/AppData/Local/Programs/MiKTeX/tex/latex/figchild/figchild.
sty
Package: figchild 2025/06/04 Package for creating activities for children versi
on 3.1.1
)
(C:/Users/Ananda/AppData/Local/Programs/MiKTeX/tex/latex/pgfplots/pgfplots.sty
(C:/Users/Ananda/AppData/Local/Programs/MiKTeX/tex/generic/pgfplots/pgfplots.re
vision.tex)
Package: pgfplots 2021/05/15 v1.18.1 Data Visualization (1.18.1)

(C:/Users/Ananda/AppData/Local/Programs/MiKTeX/tex/generic/pgfplots/pgfplots.co
de.tex
(C:/Users/Ananda/AppData/Local/Programs/MiKTeX/tex/generic/pgfplots/pgfplotscor
e.code.tex
Package pgfplots info on input line 124: Initializing with LUA version Lua 5.3
\pgfplots@luabackend@table=\catcodetable14
\t@pgfplots@toka=\toks50
\t@pgfplots@tokb=\toks51
\t@pgfplots@tokc=\toks52
\pgfplots@tmpa=\dimen355
\c@pgfplots@coordindex=\count390
\c@pgfplots@scanlineindex=\count391

(C:/Users/Ananda/AppData/Local/Programs/MiKTeX/tex/generic/pgfplots/sys/pgfplot
ssysgeneric.code.tex))
(C:/Users/Ananda/AppData/Local/Programs/MiKTeX/tex/generic/pgfplots/libs/pgfplo
tslibrary.code.tex)
(C:/Users/Ananda/AppData/Local/Programs/MiKTeX/tex/generic/pgfplots/oldpgfcompa
tib/pgfplotsoldpgfsupp_loader.code.tex
(C:/Users/Ananda/AppData/Local/Programs/MiKTeX/tex/generic/pgf/libraries/pgflib
raryfpu.code.tex)
(C:/Users/Ananda/AppData/Local/Programs/MiKTeX/tex/generic/pgf/libraries/luamat
h/pgflibraryluamath.code.tex)
Package pgfplots info on input line 290: luamath library shipped with pgf 3.1.9
a is up-to-date
)
(C:/Users/Ananda/AppData/Local/Programs/MiKTeX/tex/generic/pgfplots/util/pgfplo
tsutil.code.tex
Package pgfplots info on input line 82: Found new luatex: initializing lua comm
ands instead of write18 (shell-escape)

(C:/Users/Ananda/AppData/Local/Programs/MiKTeX/tex/generic/pgfplots/liststructu
re/pgfplotsliststructure.code.tex)
(C:/Users/Ananda/AppData/Local/Programs/MiKTeX/tex/generic/pgfplots/liststructu
re/pgfplotsliststructureext.code.tex)
(C:/Users/Ananda/AppData/Local/Programs/MiKTeX/tex/generic/pgfplots/liststructu
re/pgfplotsarray.code.tex
\c@pgfplotsarray@tmp=\count392
)
(C:/Users/Ananda/AppData/Local/Programs/MiKTeX/tex/generic/pgfplots/liststructu
re/pgfplotsmatrix.code.tex)
(C:/Users/Ananda/AppData/Local/Programs/MiKTeX/tex/generic/pgfplots/numtable/pg
fplotstableshared.code.tex
\c@pgfplotstable@counta=\count393
\t@pgfplotstable@a=\toks53
)
(C:/Users/Ananda/AppData/Local/Programs/MiKTeX/tex/generic/pgfplots/liststructu
re/pgfplotsdeque.code.tex)
(C:/Users/Ananda/AppData/Local/Programs/MiKTeX/tex/generic/pgfplots/util/pgfplo
tsbinary.code.tex
(C:/Users/Ananda/AppData/Local/Programs/MiKTeX/tex/generic/pgfplots/util/pgfplo
tsbinary.data.code.tex))
(C:/Users/Ananda/AppData/Local/Programs/MiKTeX/tex/generic/pgfplots/util/pgfplo
tsutil.verb.code.tex)
(C:/Users/Ananda/AppData/Local/Programs/MiKTeX/tex/generic/pgfplots/libs/pgflib
rarypgfplots.surfshading.code.tex
\c@pgfplotslibrarysurf@no=\count394

(C:/Users/Ananda/AppData/Local/Programs/MiKTeX/tex/generic/pgfplots/sys/pgflibr
arypgfplots.surfshading.pgfsys-luatex.def)))
(C:/Users/Ananda/AppData/Local/Programs/MiKTeX/tex/generic/pgfplots/util/pgfplo
tscolormap.code.tex
(C:/Users/Ananda/AppData/Local/Programs/MiKTeX/tex/generic/pgfplots/util/pgfplo
tscolor.code.tex))
(C:/Users/Ananda/AppData/Local/Programs/MiKTeX/tex/generic/pgfplots/pgfplotssta
ckedplots.code.tex)
(C:/Users/Ananda/AppData/Local/Programs/MiKTeX/tex/generic/pgfplots/pgfplotsplo
thandlers.code.tex
(C:/Users/Ananda/AppData/Local/Programs/MiKTeX/tex/generic/pgfplots/pgfplotsmes
hplothandler.code.tex
(C:/Users/Ananda/AppData/Local/Programs/MiKTeX/tex/generic/pgfplots/pgfplotsmes
hplotimage.code.tex)))
(C:/Users/Ananda/AppData/Local/Programs/MiKTeX/tex/generic/pgfplots/pgfplots.sc
aling.code.tex)
(C:/Users/Ananda/AppData/Local/Programs/MiKTeX/tex/generic/pgfplots/pgfplotscoo
rdprocessing.code.tex)
(C:/Users/Ananda/AppData/Local/Programs/MiKTeX/tex/generic/pgfplots/pgfplots.er
rorbars.code.tex)
(C:/Users/Ananda/AppData/Local/Programs/MiKTeX/tex/generic/pgfplots/pgfplots.ma
rkers.code.tex)
(C:/Users/Ananda/AppData/Local/Programs/MiKTeX/tex/generic/pgfplots/pgfplotstic
ks.code.tex)
(C:/Users/Ananda/AppData/Local/Programs/MiKTeX/tex/generic/pgfplots/pgfplots.pa
ths.code.tex)
(C:/Users/Ananda/AppData/Local/Programs/MiKTeX/tex/generic/pgf/frontendlayer/ti
kz/libraries/tikzlibrarydecorations.code.tex
(C:/Users/Ananda/AppData/Local/Programs/MiKTeX/tex/generic/pgf/modules/pgfmodul
edecorations.code.tex
\pgfdecoratedcompleteddistance=\dimen356
\pgfdecoratedremainingdistance=\dimen357
\pgfdecoratedinputsegmentcompleteddistance=\dimen358
\pgfdecoratedinputsegmentremainingdistance=\dimen359
\pgf@decorate@distancetomove=\dimen360
\pgf@decorate@repeatstate=\count395
\pgfdecorationsegmentamplitude=\dimen361
\pgfdecorationsegmentlength=\dimen362
)
\tikz@lib@dec@box=\box109
)
(C:/Users/Ananda/AppData/Local/Programs/MiKTeX/tex/generic/pgf/frontendlayer/ti
kz/libraries/tikzlibrarydecorations.pathmorphing.code.tex
(C:/Users/Ananda/AppData/Local/Programs/MiKTeX/tex/generic/pgf/libraries/decora
tions/pgflibrarydecorations.pathmorphing.code.tex))
(C:/Users/Ananda/AppData/Local/Programs/MiKTeX/tex/generic/pgf/frontendlayer/ti
kz/libraries/tikzlibrarydecorations.pathreplacing.code.tex
(C:/Users/Ananda/AppData/Local/Programs/MiKTeX/tex/generic/pgf/libraries/decora
tions/pgflibrarydecorations.pathreplacing.code.tex))
(C:/Users/Ananda/AppData/Local/Programs/MiKTeX/tex/generic/pgfplots/libs/tikzli
brarypgfplots.contourlua.code.tex)
\pgfplots@numplots=\count396
\pgfplots@xmin@reg=\dimen363
\pgfplots@xmax@reg=\dimen364
\pgfplots@ymin@reg=\dimen365
\pgfplots@ymax@reg=\dimen366
\pgfplots@zmin@reg=\dimen367
\pgfplots@zmax@reg=\dimen368
)
(C:/Users/Ananda/AppData/Local/Programs/MiKTeX/tex/generic/pgf/frontendlayer/ti
kz/libraries/tikzlibraryplotmarks.code.tex
File: tikzlibraryplotmarks.code.tex 2021/05/15 v3.1.9a (3.1.9a)

(C:/Users/Ananda/AppData/Local/Programs/MiKTeX/tex/generic/pgf/libraries/pgflib
raryplotmarks.code.tex
File: pgflibraryplotmarks.code.tex 2021/05/15 v3.1.9a (3.1.9a)
)))
(C:/Users/Ananda/AppData/Local/Programs/MiKTeX/tex/generic/pgf/libraries/pgflib
raryarrows.meta.code.tex
File: pgflibraryarrows.meta.code.tex 2021/05/15 v3.1.9a (3.1.9a)
\pgfarrowinset=\dimen369
\pgfarrowlength=\dimen370
\pgfarrowwidth=\dimen371
\pgfarrowlinewidth=\dimen372
) (./Randomization.aux)
\openout1 = Randomization.aux

LaTeX Font Info:    Checking defaults for OML/cmm/m/it on input line 44.
LaTeX Font Info:    ... okay on input line 44.
LaTeX Font Info:    Checking defaults for OMS/cmsy/m/n on input line 44.
LaTeX Font Info:    ... okay on input line 44.
LaTeX Font Info:    Checking defaults for OT1/cmr/m/n on input line 44.
LaTeX Font Info:    ... okay on input line 44.
LaTeX Font Info:    Checking defaults for T1/cmr/m/n on input line 44.
LaTeX Font Info:    ... okay on input line 44.
LaTeX Font Info:    Checking defaults for TS1/cmr/m/n on input line 44.
LaTeX Font Info:    Trying to load font information for TS1+cmr on input line 4
4.

(C:/Users/Ananda/AppData/Local/Programs/MiKTeX/tex/latex/base/ts1cmr.fd
File: ts1cmr.fd 2022/07/10 v2.5l Standard LaTeX font definitions
)
LaTeX Font Info:    ... okay on input line 44.
LaTeX Font Info:    Checking defaults for TU/lmr/m/n on input line 44.
LaTeX Font Info:    ... okay on input line 44.
LaTeX Font Info:    Checking defaults for OMX/cmex/m/n on input line 44.
LaTeX Font Info:    ... okay on input line 44.
LaTeX Font Info:    Checking defaults for U/cmr/m/n on input line 44.
LaTeX Font Info:    ... okay on input line 44.
LaTeX Font Info:    Checking defaults for PD1/pdf/m/n on input line 44.
LaTeX Font Info:    ... okay on input line 44.
LaTeX Font Info:    Checking defaults for PU/pdf/m/n on input line 44.
LaTeX Font Info:    ... okay on input line 44.

*geometry* driver: auto-detecting
*geometry* detected driver: luatex
*geometry* verbose mode - [ preamble ] result:
* driver: luatex
* paper: a4paper
* layout: <same size as paper>
* layoutoffset:(h,v)=(0.0pt,0.0pt)
* modes: 
* h-part:(L,W,R)=(72.26999pt, 452.9679pt, 72.26999pt)
* v-part:(T,H,B)=(72.26999pt, 700.50687pt, 72.26999pt)
* \paperwidth=597.50787pt
* \paperheight=845.04684pt
* \textwidth=452.9679pt
* \textheight=700.50687pt
* \oddsidemargin=0.0pt
* \evensidemargin=0.0pt
* \topmargin=-37.0pt
* \headheight=12.0pt
* \headsep=25.0pt
* \topskip=11.0pt
* \footskip=30.0pt
* \marginparwidth=50.0pt
* \marginparsep=10.0pt
* \columnsep=10.0pt
* \skip\footins=10.0pt plus 4.0pt minus 2.0pt
* \hoffset=0.0pt
* \voffset=0.0pt
* \mag=1000
* \@twocolumnfalse
* \@twosidefalse
* \@mparswitchfalse
* \@reversemarginfalse
* (1in=72.27pt=25.4mm, 1cm=28.453pt)


(C:/Users/Ananda/AppData/Local/Programs/MiKTeX/tex/context/base/mkii/supp-pdf.m
kii
[Loading MPS to PDF converter (version 2006.09.02).]
\scratchcounter=\count397
\scratchdimen=\dimen373
\scratchbox=\box110
\nofMPsegments=\count398
\nofMParguments=\count399
\everyMPshowfont=\toks54
\MPscratchCnt=\count400
\MPscratchDim=\dimen374
\MPnumerator=\count401
\makeMPintoPDFobject=\count402
\everyMPtoPDFconversion=\toks55
)
(C:/Users/Ananda/AppData/Local/Programs/MiKTeX/tex/latex/epstopdf-pkg/epstopdf-
base.sty
Package: epstopdf-base 2020-01-24 v2.11 Base part for package epstopdf
Package epstopdf-base Info: Redefining graphics rule for `.eps' on input line 4
85.

(C:/Users/Ananda/AppData/Local/Programs/MiKTeX/tex/latex/00miktex/epstopdf-sys.
cfg
File: epstopdf-sys.cfg 2021/03/18 v2.0 Configuration of epstopdf for MiKTeX
))
(C:/Users/Ananda/AppData/Local/Programs/MiKTeX/tex/latex/ninecolors/ninecolors.
sty
Package: ninecolors 2022-02-13 vv2022D Select colors with proper color contrast

)
Package hyperref Info: Link coloring ON on input line 44.
 (./Randomization.out) (./Randomization.out)
\@outlinefile=\write4

\openout4 = Randomization.out


Package tablefootnote Warning: LuaTeX and hyperref package used:
(tablefootnote)                Hyperreferences in rotated content
(tablefootnote)                will be misplaced
(tablefootnote)                regardless of tablefootnote package.
(tablefootnote)                The text to be printed will be OK.

Package pgfplots notification 'compat/show suggested version=true': you might b
enefit from \pgfplotsset{compat=1.18} (current compat level: 1.17).

LaTeX Font Info:    Trying to load font information for U+msa on input line 47.

(C:/Users/Ananda/AppData/Local/Programs/MiKTeX/tex/latex/amsfonts/umsa.fd
File: umsa.fd 2013/01/14 v3.01 AMS symbols A
)
LaTeX Font Info:    Trying to load font information for U+msb on input line 47.


(C:/Users/Ananda/AppData/Local/Programs/MiKTeX/tex/latex/amsfonts/umsb.fd
File: umsb.fd 2013/01/14 v3.01 AMS symbols B
)
(./Randomization.toc)
\tf@toc=\write5

\openout5 = Randomization.toc
 [1

{C:/Users/Ananda/AppData/Local/MiKTeX/fonts/map/pdftex/pdftex.map}]
Overfull \hbox (11.64056pt too wide) in paragraph at lines 62--63
\TU/lmr/m/n/10.95 Fixed allocation procedures assign the interventions to partic
ipants with a pre-specified probability,
 []


Overfull \hbox (3.39517pt too wide) in paragraph at lines 66--68
\TU/lmr/m/n/10.95 One simple method is to toss an unbiased coin each time a part
icipant is eligible to be randomized.
 []


Underfull \hbox (badness 10000) in paragraph at lines 66--68

 []


Overfull \hbox (25.54709pt too wide) in paragraph at lines 69--70
\TU/lmr/m/n/10.95 techniques for producing a randomization schedule. These most elementary methods of randomization
 []


Underfull \hbox (badness 10000) in paragraph at lines 69--70

 []


Underfull \hbox (badness 10000) in paragraph at lines 75--78

 []

[2]
<block_randomization_blocks.png, id=80, 1306.12968pt x 719.68875pt>
File: block_randomization_blocks.png Graphic file (type png)
<use block_randomization_blocks.png>
Package luatex.def Info: block_randomization_blocks.png  used on input line 84.

(luatex.def)             Requested size: 457.15224pt x 251.89484pt.

Overfull \hbox (4.18434pt too wide) in paragraph at lines 84--85
 [][] 
 []


Underfull \hbox (badness 10000) in paragraph at lines 87--89

 []

<block_randomization_allocation_1.png, id=81, 1286.55656pt x 186.6975pt>
File: block_randomization_allocation_1.png Graphic file (type png)
<use block_randomization_allocation_1.png>
Package luatex.def Info: block_randomization_allocation_1.png  used on input li
ne 98.
(luatex.def)             Requested size: 450.30154pt x 65.3451pt.
[3<./block_randomization_blocks.png><./block_randomization_allocation_1.png>]
<block_randomization_allocation_2.png, id=91, 1279.78125pt x 293.59688pt>
File: block_randomization_allocation_2.png Graphic file (type png)
<use block_randomization_allocation_2.png>
Package luatex.def Info: block_randomization_allocation_2.png  used on input li
ne 108.
(luatex.def)             Requested size: 447.93015pt x 102.76044pt.
<block_randomization_allocation_3.png, id=92, 1280.53406pt x 402.00188pt>
File: block_randomization_allocation_3.png Graphic file (type png)
<use block_randomization_allocation_3.png>
Package luatex.def Info: block_randomization_allocation_3.png  used on input li
ne 116.
(luatex.def)             Requested size: 448.19363pt x 140.70276pt.
<block_randomization_allocation_4.png, id=93, 1279.78125pt x 511.9125pt>
File: block_randomization_allocation_4.png Graphic file (type png)
<use block_randomization_allocation_4.png>
Package luatex.def Info: block_randomization_allocation_4.png  used on input li
ne 124.
(luatex.def)             Requested size: 447.93015pt x 179.17206pt.

[4<./block_randomization_allocation_2.png><./block_randomization_allocation_3.pn
g><./block_randomization_allocation_4.png>]
<block_randomization_allocation_5.png, id=104, 1277.52281pt x 618.81187pt>
File: block_randomization_allocation_5.png Graphic file (type png)
<use block_randomization_allocation_5.png>
Package luatex.def Info: block_randomization_allocation_5.png  used on input li
ne 134.
(luatex.def)             Requested size: 447.13968pt x 216.5874pt.
<block_randomization_allocation_6.png, id=105, 1279.78125pt x 730.22812pt>
File: block_randomization_allocation_6.png Graphic file (type png)
<use block_randomization_allocation_6.png>
Package luatex.def Info: block_randomization_allocation_6.png  used on input li
ne 142.
(luatex.def)             Requested size: 447.93015pt x 255.58366pt.

Underfull \hbox (badness 10000) in paragraph at lines 147--148

 []

[5<./block_randomization_allocation_5.png><./block_randomization_allocation_6.pn
g>]
Underfull \hbox (badness 10000) in paragraph at lines 189--190

 []


Underfull \hbox (badness 10000) in paragraph at lines 192--193

 []

[6]
<all-twemojis.pdf, id=129, page=3676, 27.10126pt x 27.10126pt>
File: all-twemojis.pdf Graphic file (type pdf)
<use all-twemojis.pdf, page 3676>
Package luatex.def Info: all-twemojis.pdf , page3676 used on input line 199.
(luatex.def)             Requested size: 7.4787pt x 7.47885pt.
<stratified_block_randomization_stratum_1_allocation_1.png, id=130, 1346.02875p
t x 183.68625pt>
File: stratified_block_randomization_stratum_1_allocation_1.png Graphic file (t
ype png)
<use stratified_block_randomization_stratum_1_allocation_1.png>
Package luatex.def Info: stratified_block_randomization_stratum_1_allocation_1.
png  used on input line 207.
(luatex.def)             Requested size: 471.11713pt x 64.29114pt.

Overfull \hbox (18.14923pt too wide) in paragraph at lines 207--208
 [][] 
 []

<stratified_block_randomization_stratum_1_allocation_2.png, id=131, 1342.2647pt
 x 296.60812pt>
File: stratified_block_randomization_stratum_1_allocation_2.png Graphic file (t
ype png)
<use stratified_block_randomization_stratum_1_allocation_2.png>
Package luatex.def Info: stratified_block_randomization_stratum_1_allocation_2.
png  used on input line 216.
(luatex.def)             Requested size: 469.79968pt x 103.81439pt.

Overfull \hbox (16.83179pt too wide) in paragraph at lines 216--217
 [][] 
 []


Overfull \hbox (12.78006pt too wide) in paragraph at lines 220--222
\TU/lmr/m/it/10.95 Allocation Scheme : \TU/lmr/m/n/10.95 Participant $\OML/cmm/
m/it/10.95 S\OT1/cmr/m/n/10.95 1\OML/cmm/m/it/10.95 P\OT1/cmr/m/n/10.95 9 \OMS/
cmsy/m/n/10.95 !$ \TU/lmr/m/n/10.95 Propranolol, Participant $\OML/cmm/m/it/10.
95 S\OT1/cmr/m/n/10.95 1\OML/cmm/m/it/10.95 P\OT1/cmr/m/n/10.95 10 \OMS/cmsy/m/
n/10.95 !$ \TU/lmr/m/n/10.95 Propranolol, 
 []

<stratified_block_randomization_stratum_1_allocation_3.png, id=132, 1341.51187p
t x 407.27156pt>
File: stratified_block_randomization_stratum_1_allocation_3.png Graphic file (t
ype png)
<use stratified_block_randomization_stratum_1_allocation_3.png>
Package luatex.def Info: stratified_block_randomization_stratum_1_allocation_3.
png  used on input line 225.
(luatex.def)             Requested size: 469.5362pt x 142.54716pt.

Overfull \hbox (16.5683pt too wide) in paragraph at lines 225--226
 [][] 
 []

[7<C:/Users/Ananda/AppData/Local/Programs/MiKTeX/tex/latex/twemojis/all-twemojis
.pdf><./stratified_block_randomization_stratum_1_allocation_1.png><./stratified_
block_randomization_stratum_1_allocation_2.png><./stratified_block_randomization
_stratum_1_allocation_3.png>]
File: all-twemojis.pdf Graphic file (type pdf)
<use all-twemojis.pdf, page 3676>
Package luatex.def Info: all-twemojis.pdf , page3676 used on input line 234.
(luatex.def)             Requested size: 7.4787pt x 7.47885pt.
<stratified_block_randomization_stratum_2_allocation_1.png, id=143, 1344.52313p
t x 185.19188pt>
File: stratified_block_randomization_stratum_2_allocation_1.png Graphic file (t
ype png)
<use stratified_block_randomization_stratum_2_allocation_1.png>
Package luatex.def Info: stratified_block_randomization_stratum_2_allocation_1.
png  used on input line 242.
(luatex.def)             Requested size: 470.59015pt x 64.81812pt.

Overfull \hbox (17.62225pt too wide) in paragraph at lines 242--243
 [][] 
 []

<stratified_block_randomization_stratum_2_allocation_2.png, id=144, 1343.77031p
t x 294.34969pt>
File: stratified_block_randomization_stratum_2_allocation_2.png Graphic file (t
ype png)
<use stratified_block_randomization_stratum_2_allocation_2.png>
Package luatex.def Info: stratified_block_randomization_stratum_2_allocation_2.
png  used on input line 251.
(luatex.def)             Requested size: 470.32666pt x 103.02393pt.

Overfull \hbox (17.35876pt too wide) in paragraph at lines 251--252
 [][] 
 []


Overfull \hbox (5.25735pt too wide) in paragraph at lines 255--257
\TU/lmr/m/it/10.95 Allocation Scheme : \TU/lmr/m/n/10.95 Participant $\OML/cmm/
m/it/10.95 S\OT1/cmr/m/n/10.95 2\OML/cmm/m/it/10.95 P\OT1/cmr/m/n/10.95 9 \OMS/
cmsy/m/n/10.95 !$ \TU/lmr/m/n/10.95 Nifedipine, Participant $\OML/cmm/m/it/10.9
5 S\OT1/cmr/m/n/10.95 2\OML/cmm/m/it/10.95 P\OT1/cmr/m/n/10.95 10 \OMS/cmsy/m/n
/10.95 !$ \TU/lmr/m/n/10.95 Propranolol, 
 []

<stratified_block_randomization_stratum_2_allocation_3.png, id=145, 1343.77031p
t x 406.51875pt>
File: stratified_block_randomization_stratum_2_allocation_3.png Graphic file (t
ype png)
<use stratified_block_randomization_stratum_2_allocation_3.png>
Package luatex.def Info: stratified_block_randomization_stratum_2_allocation_3.
png  used on input line 260.
(luatex.def)             Requested size: 470.32666pt x 142.28369pt.

Overfull \hbox (17.35876pt too wide) in paragraph at lines 260--261
 [][] 
 []

[8<./stratified_block_randomization_stratum_2_allocation_1.png><./stratified_blo
ck_randomization_stratum_2_allocation_2.png><./stratified_block_randomization_st
ratum_2_allocation_3.png>]
Underfull \hbox (badness 10000) in paragraph at lines 269--270

 []

<stratified_block_randomization_stratum_1_allocation.png, id=156, 640.64343pt x
 407.27156pt>
File: stratified_block_randomization_stratum_1_allocation.png Graphic file (typ
e png)
<use stratified_block_randomization_stratum_1_allocation.png>
Package luatex.def Info: stratified_block_randomization_stratum_1_allocation.pn
g  used on input line 275.
(luatex.def)             Requested size: 224.22856pt x 142.54716pt.
<stratified_block_randomization_stratum_2_allocation.png, id=157, 639.13782pt x
 406.51875pt>
File: stratified_block_randomization_stratum_2_allocation.png Graphic file (typ
e png)
<use stratified_block_randomization_stratum_2_allocation.png>
Package luatex.def Info: stratified_block_randomization_stratum_2_allocation.pn
g  used on input line 282.
(luatex.def)             Requested size: 223.70158pt x 142.28369pt.

Overfull \hbox (19.4309pt too wide) in paragraph at lines 271--284
[]$[]$  $[]$ 
 []

<stratified_block_randomization_final_allocation.png, id=158, 1333.98375pt x 80
2.49812pt>
File: stratified_block_randomization_final_allocation.png Graphic file (type pn
g)
<use stratified_block_randomization_final_allocation.png>
Package luatex.def Info: stratified_block_randomization_final_allocation.png  u
sed on input line 291.
(luatex.def)             Requested size: 466.9013pt x 280.87854pt.

Overfull \hbox (13.93341pt too wide) in paragraph at lines 291--292
 [][] 
 []

[9<./stratified_block_randomization_stratum_1_allocation.png><./stratified_block
_randomization_stratum_2_allocation.png><./stratified_block_randomization_final_
allocation.png>]
Underfull \hbox (badness 10000) in paragraph at lines 316--317

 []

LaTeX Font Info:    Font shape `TU/lmtt/bx/n' in size <10.95> not available
(Font)              Font shape `TU/lmtt/b/n' tried instead on input line 325.
[10]
<single_blind_study.png, id=177, 1266.23062pt x 668.4975pt>
File: single_blind_study.png Graphic file (type png)
<use single_blind_study.png>
Package luatex.def Info: single_blind_study.png  used on input line 360.
(luatex.def)             Requested size: 379.87212pt x 200.5508pt.
<double_blind_study.png, id=178, 1252.68pt x 645.91313pt>
File: double_blind_study.png Graphic file (type png)
<use double_blind_study.png>
Package luatex.def Info: double_blind_study.png  used on input line 370.
(luatex.def)             Requested size: 375.8069pt x 193.77544pt.
 [11<./single_blind_study.png><./double_blind_study.png>]
<triple_blind_study.png, id=186, 1239.12938pt x 648.92438pt>
File: triple_blind_study.png Graphic file (type png)
<use triple_blind_study.png>
Package luatex.def Info: triple_blind_study.png  used on input line 379.
(luatex.def)             Requested size: 371.74168pt x 194.6788pt.
 [12<./triple_blind_study.png>] (./Randomization.aux)
Package rerunfilecheck Info: File `Randomization.out' has not changed.
(rerunfilecheck)             Checksum: 91B7D1EA6722553CE41F760F6E544FA0;1441.
)

Here is how much of LuaTeX's memory you used:
 53753 strings out of 478389
 100000,4101490 words of node,token memory allocated
 900 words of node memory still in use:
   13 hlist, 2 vlist, 3 rule, 4 glue, 5 kern, 1 glyph, 13 attribute, 109 glue_sp
ec, 13 attribute_list, 2 write, 1 pdf_setmatrix, 1 pdf_save, 1 pdf_restore nodes

   avail lists: 2:962,3:678,4:148,5:502,6:59,7:7326,8:43,9:298,10:16,11:15
 72049 multiletter control sequences out of 65536+600000
 52 fonts using 3686375 bytes
 99i,11n,98p,5359b,1120s stack positions out of 10000i,1000n,20000p,200000b,80000s
<//?/c:/users/ananda/appdata/local/programs/miktex/fonts/opentype/public/lm/lmmo
nolt10-bold.otf><//?/c:/users/ananda/appdata/local/programs/miktex/fonts/opentyp
e/public/lm/lmroman10-italic.otf><//?/c:/users/ananda/appdata/local/programs/mik
tex/fonts/opentype/public/lm/lmroman10-regular.otf><//?/c:/users/ananda/appdata/
local/programs/miktex/fonts/opentype/public/lm/lmroman10-bold.otf><//?/c:/users/
ananda/appdata/local/programs/miktex/fonts/opentype/public/lm/lmroman12-bold.otf
><//?/c:/users/ananda/appdata/local/programs/miktex/fonts/opentype/public/lm/lmr
oman12-regular.otf><//?/c:/users/ananda/appdata/local/programs/miktex/fonts/open
type/public/lm/lmroman17-regular.otf><C:/Users/Ananda/AppData/Local/Programs/MiK
TeX/fonts/type1/public/amsfonts/cm/cmmi10.pfb><C:/Users/Ananda/AppData/Local/Pro
grams/MiKTeX/fonts/type1/public/amsfonts/cm/cmr10.pfb><C:/Users/Ananda/AppData/L
ocal/Programs/MiKTeX/fonts/type1/public/amsfonts/cm/cmr8.pfb><C:/Users/Ananda/Ap
pData/Local/Programs/MiKTeX/fonts/type1/public/amsfonts/cm/cmsy10.pfb>
Output written on Randomization.pdf (12 pages, 1405489 bytes).

PDF statistics: 253 PDF objects out of 1000 (max. 8388607)
 48 named destinations out of 1000 (max. 131072)
 104 words of extra memory for PDF output out of 10000 (max. 100000000)

