\BOOKMARK [1][-]{Section*.1}{\376\377\000A\000b\000s\000t\000r\000a\000c\000t}{}% 1
\BOOKMARK [0][-]{chapter*.2}{\376\377\000L\000i\000s\000t\000\040\000o\000f\000\040\000F\000i\000g\000u\000r\000e\000s}{}% 2
\BOOKMARK [0][-]{chapter*.3}{\376\377\000L\000i\000s\000t\000\040\000o\000f\000\040\000T\000a\000b\000l\000e\000s}{}% 3
\BOOKMARK [0][-]{chapter.1}{\376\377\000I\000n\000t\000r\000o\000d\000u\000c\000t\000i\000o\000n}{}% 4
\BOOKMARK [0][-]{chapter.2}{\376\377\000P\000r\000o\000b\000l\000e\000m\000\040\000S\000t\000a\000t\000e\000m\000e\000n\000t}{}% 5
\BOOKMARK [0][-]{chapter.3}{\376\377\000D\000a\000t\000a\000\040\000D\000e\000s\000c\000r\000i\000p\000t\000i\000o\000n}{}% 6
\BOOKMARK [0][-]{chapter.4}{\376\377\000M\000e\000t\000h\000o\000d\000o\000l\000o\000g\000y}{}% 7
\BOOKMARK [1][-]{section.4.1}{\376\377\000D\000e\000e\000p\000\040\000N\000e\000u\000r\000a\000l\000\040\000N\000e\000t\000w\000o\000r\000k\000s}{chapter.4}% 8
\BOOKMARK [1][-]{section.4.2}{\376\377\000R\000e\000s\000i\000d\000u\000a\000l\000\040\000N\000e\000u\000r\000a\000l\000\040\000N\000e\000t\000w\000o\000r\000k\000s}{chapter.4}% 9
\BOOKMARK [1][-]{section.4.3}{\376\377\000R\000e\000s\000N\000e\000t\000\040\000t\000o\000\040\000O\000r\000d\000i\000n\000a\000r\000y\000\040\000D\000i\000f\000f\000e\000r\000e\000n\000t\000i\000a\000l\000\040\000E\000q\000u\000a\000t\000i\000o\000n\000s}{chapter.4}% 10
\BOOKMARK [1][-]{section.4.4}{\376\377\000N\000e\000u\000r\000a\000l\000\040\000O\000r\000d\000i\000n\000a\000r\000y\000\040\000D\000i\000f\000f\000e\000r\000e\000n\000t\000i\000a\000l\000\040\000E\000q\000u\000a\000t\000i\000o\000n\000s}{chapter.4}% 11
\BOOKMARK [1][-]{section.4.5}{\376\377\000N\000e\000u\000r\000a\000l\000\040\000S\000t\000o\000c\000h\000a\000s\000t\000i\000c\000\040\000D\000i\000f\000f\000e\000r\000e\000n\000t\000i\000a\000l\000\040\000E\000q\000u\000a\000t\000i\000o\000n\000s}{chapter.4}% 12
\BOOKMARK [2][-]{subsection.4.5.1}{\376\377\000G\000a\000u\000s\000s\000i\000a\000n\000\040\000N\000o\000i\000s\000e}{section.4.5}% 13
\BOOKMARK [2][-]{subsection.4.5.2}{\376\377\000N\000o\000n\000-\000G\000a\000u\000s\000s\000i\000a\000n\000\040\000N\000o\000i\000s\000e}{section.4.5}% 14
\BOOKMARK [1][-]{section.4.6}{\376\377\000L\000D\000E\000N\000e\000t}{chapter.4}% 15
\BOOKMARK [0][-]{chapter.5}{\376\377\000R\000e\000s\000u\000l\000t\000s}{}% 16
\BOOKMARK [1][-]{section.5.1}{\376\377\000F\000o\000r\000e\000c\000a\000s\000t\000i\000n\000g\000\040\000w\000i\000t\000h\000\040\000D\000i\000f\000f\000e\000r\000e\000n\000t\000\040\000S\000t\000o\000c\000k\000\040\000P\000a\000t\000t\000e\000r\000n\000s}{chapter.5}% 17
\BOOKMARK [1][-]{section.5.2}{\376\377\000F\000o\000r\000e\000c\000a\000s\000t\000i\000n\000g\000\040\000w\000i\000t\000h\000\040\000D\000i\000f\000f\000e\000r\000e\000n\000t\000\040\000M\000o\000d\000e\000l\000s}{chapter.5}% 18
\BOOKMARK [1][-]{section.5.3}{\376\377\000F\000o\000r\000e\000c\000a\000s\000t\000i\000n\000g\000\040\000w\000i\000t\000h\000\040\000D\000i\000f\000f\000e\000r\000e\000n\000t\000\040}{chapter.5}% 19
\BOOKMARK [1][-]{section.5.4}{\376\377\000E\000f\000f\000e\000c\000t\000\040\000o\000f\000\040\000F\000o\000r\000e\000c\000a\000s\000t\000i\000n\000g\000\040\000D\000a\000y\000s\000\040\000o\000n\000\040\000P\000r\000e\000d\000i\000c\000t\000i\000o\000n\000\040\000A\000c\000c\000u\000r\000a\000c\000y}{chapter.5}% 20
\BOOKMARK [0][-]{chapter.6}{\376\377\000C\000o\000n\000c\000l\000u\000s\000i\000o\000n\000\040\000a\000n\000d\000\040\000F\000u\000t\000u\000r\000e\000\040\000W\000o\000r\000k}{}% 21
\BOOKMARK [0][-]{chapter*.27}{\376\377\000B\000i\000b\000l\000i\000o\000g\000r\000a\000p\000h\000y}{}% 22
