This is LuaHBTeX, Version 1.15.1 (MiKTeX 22.12) (format=lualatex 2025.7.15)  26 JUL 2025 03:10
 restricted system commands enabled.
**exponential.tex
(./exponential.tex
LaTeX2e <2022-11-01> patch level 1
Lua module: luaotfload 2022-10-03 3.23 Lua based OpenType font support
Lua module: lualibs 2022-10-04 2.75 ConTeXt Lua standard libraries.
Lua module: lualibs-extended 2022-10-04 2.75 ConTeXt Lua libraries -- extended c
ollection.
luaotfload | conf : Root cache directory is "C:/Users/Ananda/AppData/Local/MiKTe
X/luatex-cache/generic/names".
luaotfload | init : Loading fontloader "fontloader-2022-10-03.lua" from kpse-res
olved path "C:/Users/Ananda/AppData/Local/Programs/MiKTeX/tex/luatex/luaotfload/
fontloader-2022-10-03.lua".
Lua-only attribute luaotfload@noligature = 1
luaotfload | init : Context OpenType loader version 3.120
Inserting `luaotfload.node_processor' in `pre_linebreak_filter'.
Inserting `luaotfload.node_processor' in `hpack_filter'.
Inserting `luaotfload.glyph_stream' in `glyph_stream_provider'.
Inserting `luaotfload.define_font' in `define_font'.
Lua-only attribute luaotfload_color_attribute = 2
luaotfload | conf : Root cache directory is "C:/Users/Ananda/AppData/Local/MiKTe
X/luatex-cache/generic/names".
Inserting `luaotfload.harf.strip_prefix' in `find_opentype_file'.
Inserting `luaotfload.harf.strip_prefix' in `find_truetype_file'.
Removing  `luaotfload.glyph_stream' from `glyph_stream_provider'.
Inserting `luaotfload.harf.glyphstream' in `glyph_stream_provider'.
Inserting `luaotfload.harf.finalize_vlist' in `post_linebreak_filter'.
Inserting `luaotfload.harf.finalize_hlist' in `hpack_filter'.
Inserting `luaotfload.cleanup_files' in `wrapup_run'.
Inserting `luaotfload.harf.finalize_unicode' in `finish_pdffile'.
Inserting `luaotfload.glyphinfo' in `glyph_info'.
Lua-only attribute luaotfload.letterspace_done = 3
Inserting `luaotfload.aux.set_sscale_dimens' in `luaotfload.patch_font'.
Inserting `luaotfload.aux.set_font_index' in `luaotfload.patch_font'.
Inserting `luaotfload.aux.patch_cambria_domh' in `luaotfload.patch_font'.
Inserting `luaotfload.aux.fixup_fontdata' in `luaotfload.patch_font_unsafe'.
Inserting `luaotfload.aux.set_capheight' in `luaotfload.patch_font'.
Inserting `luaotfload.aux.set_xheight' in `luaotfload.patch_font'.
Inserting `luaotfload.rewrite_fontname' in `luaotfload.patch_font'. L3 programm
ing layer <2022-12-17>
Inserting `tracingstacklevels' in `input_level_string'.
(C:/Users/Ananda/AppData/Local/Programs/MiKTeX/tex/latex/beamer/beamer.cls
Document Class: beamer 2025/02/04 v3.72 A class for typesetting presentations

(C:/Users/Ananda/AppData/Local/Programs/MiKTeX/tex/latex/beamer/beamerbasemodes
.sty
(C:/Users/Ananda/AppData/Local/Programs/MiKTeX/tex/latex/etoolbox/etoolbox.sty
Package: etoolbox 2020/10/05 v2.5k e-TeX tools for LaTeX (JAW)
\etb@tempcnta=\count183
)
\beamer@tempbox=\box51
\beamer@tempcount=\count184
\c@beamerpauses=\count185

(C:/Users/Ananda/AppData/Local/Programs/MiKTeX/tex/latex/beamer/beamerbasedecod
e.sty
\beamer@slideinframe=\count186
\beamer@minimum=\count187
\beamer@decode@box=\box52
)
\beamer@commentbox=\box53
\beamer@modecount=\count188
)
(C:/Users/Ananda/AppData/Local/Programs/MiKTeX/tex/generic/iftex/iftex.sty
Package: iftex 2022/02/03 v1.0f TeX engine tests
)
\headdp=\dimen139
\footheight=\dimen140
\sidebarheight=\dimen141
\beamer@tempdim=\dimen142
\beamer@finalheight=\dimen143
\beamer@animht=\dimen144
\beamer@animdp=\dimen145
\beamer@animwd=\dimen146
\beamer@leftmargin=\dimen147
\beamer@rightmargin=\dimen148
\beamer@leftsidebar=\dimen149
\beamer@rightsidebar=\dimen150
\beamer@boxsize=\dimen151
\beamer@vboxoffset=\dimen152
\beamer@descdefault=\dimen153
\beamer@descriptionwidth=\dimen154
\beamer@lastskip=\skip48
\beamer@areabox=\box54
\beamer@animcurrent=\box55
\beamer@animshowbox=\box56
\beamer@sectionbox=\box57
\beamer@logobox=\box58
\beamer@linebox=\box59
\beamer@sectioncount=\count189
\beamer@subsubsectionmax=\count190
\beamer@subsectionmax=\count191
\beamer@sectionmax=\count192
\beamer@totalheads=\count193
\beamer@headcounter=\count194
\beamer@partstartpage=\count195
\beamer@sectionstartpage=\count196
\beamer@subsectionstartpage=\count197
\beamer@animationtempa=\count198
\beamer@animationtempb=\count199
\beamer@xpos=\count266
\beamer@ypos=\count267
\beamer@ypos@offset=\count268
\beamer@showpartnumber=\count269
\beamer@currentsubsection=\count270
\beamer@coveringdepth=\count271
\beamer@sectionadjust=\count272
\beamer@toclastsection=\count273
\beamer@tocsectionnumber=\count274

(C:/Users/Ananda/AppData/Local/Programs/MiKTeX/tex/latex/beamer/beamerbaseoptio
ns.sty
(C:/Users/Ananda/AppData/Local/Programs/MiKTeX/tex/latex/graphics/keyval.sty
Package: keyval 2022/05/29 v1.15 key=value parser (DPC)
\KV@toks@=\toks16
))
\beamer@paperwidth=\skip49
\beamer@paperheight=\skip50

(C:/Users/Ananda/AppData/Local/Programs/MiKTeX/tex/latex/geometry/geometry.sty
Package: geometry 2020/01/02 v5.9 Page Geometry

(C:/Users/Ananda/AppData/Local/Programs/MiKTeX/tex/generic/iftex/ifvtex.sty
Package: ifvtex 2019/10/25 v1.7 ifvtex legacy package. Use iftex instead.
)
\Gm@cnth=\count275
\Gm@cntv=\count276
\c@Gm@tempcnt=\count277
\Gm@bindingoffset=\dimen155
\Gm@wd@mp=\dimen156
\Gm@odd@mp=\dimen157
\Gm@even@mp=\dimen158
\Gm@layoutwidth=\dimen159
\Gm@layoutheight=\dimen160
\Gm@layouthoffset=\dimen161
\Gm@layoutvoffset=\dimen162
\Gm@dimlist=\toks17

(C:/Users/Ananda/AppData/Local/Programs/MiKTeX/tex/latex/geometry/geometry.cfg))
 (C:/Users/Ananda/AppData/Local/Programs/MiKTeX/tex/latex/pgf/math/pgfmath.sty
(C:/Users/Ananda/AppData/Local/Programs/MiKTeX/tex/latex/pgf/utilities/pgfrcs.s
ty
(C:/Users/Ananda/AppData/Local/Programs/MiKTeX/tex/generic/pgf/utilities/pgfuti
l-common.tex
\pgfutil@everybye=\toks18
\pgfutil@tempdima=\dimen163
\pgfutil@tempdimb=\dimen164

(C:/Users/Ananda/AppData/Local/Programs/MiKTeX/tex/generic/pgf/utilities/pgfuti
l-common-lists.tex))
(C:/Users/Ananda/AppData/Local/Programs/MiKTeX/tex/generic/pgf/utilities/pgfuti
l-latex.def
\pgfutil@abb=\box60
)
(C:/Users/Ananda/AppData/Local/Programs/MiKTeX/tex/generic/pgf/utilities/pgfrcs
.code.tex
(C:/Users/Ananda/AppData/Local/Programs/MiKTeX/tex/generic/pgf/pgf.revision.tex
)
Package: pgfrcs 2021/05/15 v3.1.9a (3.1.9a)
))
(C:/Users/Ananda/AppData/Local/Programs/MiKTeX/tex/latex/pgf/utilities/pgfkeys.
sty
(C:/Users/Ananda/AppData/Local/Programs/MiKTeX/tex/generic/pgf/utilities/pgfkey
s.code.tex
\pgfkeys@pathtoks=\toks19
\pgfkeys@temptoks=\toks20

(C:/Users/Ananda/AppData/Local/Programs/MiKTeX/tex/generic/pgf/utilities/pgfkey
sfiltered.code.tex
\pgfkeys@tmptoks=\toks21
)))
(C:/Users/Ananda/AppData/Local/Programs/MiKTeX/tex/generic/pgf/math/pgfmath.cod
e.tex
(C:/Users/Ananda/AppData/Local/Programs/MiKTeX/tex/generic/pgf/math/pgfmathcalc
.code.tex
(C:/Users/Ananda/AppData/Local/Programs/MiKTeX/tex/generic/pgf/math/pgfmathutil
.code.tex
\pgf@x=\dimen165
\pgf@xa=\dimen166
\pgf@xb=\dimen167
\pgf@xc=\dimen168
\pgf@y=\dimen169
\pgf@ya=\dimen170
\pgf@yb=\dimen171
\pgf@yc=\dimen172
\c@pgf@counta=\count278
\c@pgf@countb=\count279
\c@pgf@countc=\count280
\c@pgf@countd=\count281
)
(C:/Users/Ananda/AppData/Local/Programs/MiKTeX/tex/generic/pgf/math/pgfmathpars
er.code.tex
\pgfmath@dimen=\dimen173
\pgfmath@count=\count282
\pgfmath@box=\box61
\pgfmath@toks=\toks22
\pgfmath@stack@operand=\toks23
\pgfmath@stack@operation=\toks24
)
(C:/Users/Ananda/AppData/Local/Programs/MiKTeX/tex/generic/pgf/math/pgfmathfunc
tions.code.tex
(C:/Users/Ananda/AppData/Local/Programs/MiKTeX/tex/generic/pgf/math/pgfmathfunc
tions.basic.code.tex)
(C:/Users/Ananda/AppData/Local/Programs/MiKTeX/tex/generic/pgf/math/pgfmathfunc
tions.trigonometric.code.tex)
(C:/Users/Ananda/AppData/Local/Programs/MiKTeX/tex/generic/pgf/math/pgfmathfunc
tions.random.code.tex)
(C:/Users/Ananda/AppData/Local/Programs/MiKTeX/tex/generic/pgf/math/pgfmathfunc
tions.comparison.code.tex)
(C:/Users/Ananda/AppData/Local/Programs/MiKTeX/tex/generic/pgf/math/pgfmathfunc
tions.base.code.tex)
(C:/Users/Ananda/AppData/Local/Programs/MiKTeX/tex/generic/pgf/math/pgfmathfunc
tions.round.code.tex)
(C:/Users/Ananda/AppData/Local/Programs/MiKTeX/tex/generic/pgf/math/pgfmathfunc
tions.misc.code.tex)
(C:/Users/Ananda/AppData/Local/Programs/MiKTeX/tex/generic/pgf/math/pgfmathfunc
tions.integerarithmetics.code.tex)))
(C:/Users/Ananda/AppData/Local/Programs/MiKTeX/tex/generic/pgf/math/pgfmathfloa
t.code.tex
\c@pgfmathroundto@lastzeros=\count283
)))
(C:/Users/Ananda/AppData/Local/Programs/MiKTeX/tex/latex/base/size10.clo
File: size10.clo 2022/07/02 v1.4n Standard LaTeX file (size option)
luaotfload | db : Font names database loaded from C:/Users/Ananda/AppData/Local/
MiKTeX/luatex-cache/generic/names/luaotfload-names.luc.gz)
(C:/Users/Ananda/AppData/Local/Programs/MiKTeX/tex/latex/pgf/basiclayer/pgfcore
.sty
(C:/Users/Ananda/AppData/Local/Programs/MiKTeX/tex/latex/graphics/graphicx.sty
Package: graphicx 2021/09/16 v1.2d Enhanced LaTeX Graphics (DPC,SPQR)

(C:/Users/Ananda/AppData/Local/Programs/MiKTeX/tex/latex/graphics/graphics.sty
Package: graphics 2022/03/10 v1.4e Standard LaTeX Graphics (DPC,SPQR)

(C:/Users/Ananda/AppData/Local/Programs/MiKTeX/tex/latex/graphics/trig.sty
Package: trig 2021/08/11 v1.11 sin cos tan (DPC)
)
(C:/Users/Ananda/AppData/Local/Programs/MiKTeX/tex/latex/graphics-cfg/graphics.
cfg
File: graphics.cfg 2016/06/04 v1.11 sample graphics configuration
)
Package graphics Info: Driver file: luatex.def on input line 107.

(C:/Users/Ananda/AppData/Local/Programs/MiKTeX/tex/latex/graphics-def/luatex.de
f
File: luatex.def 2022/09/22 v1.2d Graphics/color driver for luatex
))
\Gin@req@height=\dimen174
\Gin@req@width=\dimen175
)
(C:/Users/Ananda/AppData/Local/Programs/MiKTeX/tex/latex/pgf/systemlayer/pgfsys
.sty
(C:/Users/Ananda/AppData/Local/Programs/MiKTeX/tex/generic/pgf/systemlayer/pgfs
ys.code.tex
Package: pgfsys 2021/05/15 v3.1.9a (3.1.9a)

(C:/Users/Ananda/AppData/Local/Programs/MiKTeX/tex/generic/pgf/utilities/pgfkey
s.code.tex)
\pgf@x=\dimen176
\pgf@y=\dimen177
\pgf@xa=\dimen178
\pgf@ya=\dimen179
\pgf@xb=\dimen180
\pgf@yb=\dimen181
\pgf@xc=\dimen182
\pgf@yc=\dimen183
\pgf@xd=\dimen184
\pgf@yd=\dimen185
\w@pgf@writea=\write3
\r@pgf@reada=\read2
\c@pgf@counta=\count284
\c@pgf@countb=\count285
\c@pgf@countc=\count286
\c@pgf@countd=\count287
\t@pgf@toka=\toks25
\t@pgf@tokb=\toks26
\t@pgf@tokc=\toks27
\pgf@sys@id@count=\count288

(C:/Users/Ananda/AppData/Local/Programs/MiKTeX/tex/generic/pgf/systemlayer/pgf.
cfg
File: pgf.cfg 2021/05/15 v3.1.9a (3.1.9a)
)
Driver file for pgf: pgfsys-luatex.def

(C:/Users/Ananda/AppData/Local/Programs/MiKTeX/tex/generic/pgf/systemlayer/pgfs
ys-luatex.def
File: pgfsys-luatex.def 2021/05/15 v3.1.9a (3.1.9a)

(C:/Users/Ananda/AppData/Local/Programs/MiKTeX/tex/generic/pgf/systemlayer/pgfs
ys-common-pdf.def
File: pgfsys-common-pdf.def 2021/05/15 v3.1.9a (3.1.9a)
)))
(C:/Users/Ananda/AppData/Local/Programs/MiKTeX/tex/generic/pgf/systemlayer/pgfs
yssoftpath.code.tex
File: pgfsyssoftpath.code.tex 2021/05/15 v3.1.9a (3.1.9a)
\pgfsyssoftpath@smallbuffer@items=\count289
\pgfsyssoftpath@bigbuffer@items=\count290
)
(C:/Users/Ananda/AppData/Local/Programs/MiKTeX/tex/generic/pgf/systemlayer/pgfs
ysprotocol.code.tex
File: pgfsysprotocol.code.tex 2021/05/15 v3.1.9a (3.1.9a)
))
(C:/Users/Ananda/AppData/Local/Programs/MiKTeX/tex/latex/xcolor/xcolor.sty
Package: xcolor 2022/06/12 v2.14 LaTeX color extensions (UK)

(C:/Users/Ananda/AppData/Local/Programs/MiKTeX/tex/latex/graphics-cfg/color.cfg
File: color.cfg 2016/01/02 v1.6 sample color configuration
)
Package xcolor Info: Driver file: luatex.def on input line 227.

(C:/Users/Ananda/AppData/Local/Programs/MiKTeX/tex/latex/graphics/mathcolor.ltx
)
Package xcolor Info: Model `cmy' substituted by `cmy0' on input line 1353.
Package xcolor Info: Model `hsb' substituted by `rgb' on input line 1357.
Package xcolor Info: Model `RGB' extended on input line 1369.
Package xcolor Info: Model `HTML' substituted by `rgb' on input line 1371.
Package xcolor Info: Model `Hsb' substituted by `hsb' on input line 1372.
Package xcolor Info: Model `tHsb' substituted by `hsb' on input line 1373.
Package xcolor Info: Model `HSB' substituted by `hsb' on input line 1374.
Package xcolor Info: Model `Gray' substituted by `gray' on input line 1375.
Package xcolor Info: Model `wave' substituted by `hsb' on input line 1376.
)
(C:/Users/Ananda/AppData/Local/Programs/MiKTeX/tex/generic/pgf/basiclayer/pgfco
re.code.tex
Package: pgfcore 2021/05/15 v3.1.9a (3.1.9a)

(C:/Users/Ananda/AppData/Local/Programs/MiKTeX/tex/generic/pgf/math/pgfmath.cod
e.tex)
(C:/Users/Ananda/AppData/Local/Programs/MiKTeX/tex/generic/pgf/math/pgfint.code
.tex)
(C:/Users/Ananda/AppData/Local/Programs/MiKTeX/tex/generic/pgf/basiclayer/pgfco
repoints.code.tex
File: pgfcorepoints.code.tex 2021/05/15 v3.1.9a (3.1.9a)
\pgf@picminx=\dimen186
\pgf@picmaxx=\dimen187
\pgf@picminy=\dimen188
\pgf@picmaxy=\dimen189
\pgf@pathminx=\dimen190
\pgf@pathmaxx=\dimen191
\pgf@pathminy=\dimen192
\pgf@pathmaxy=\dimen193
\pgf@xx=\dimen194
\pgf@xy=\dimen195
\pgf@yx=\dimen196
\pgf@yy=\dimen197
\pgf@zx=\dimen198
\pgf@zy=\dimen199
)
(C:/Users/Ananda/AppData/Local/Programs/MiKTeX/tex/generic/pgf/basiclayer/pgfco
repathconstruct.code.tex
File: pgfcorepathconstruct.code.tex 2021/05/15 v3.1.9a (3.1.9a)
\pgf@path@lastx=\dimen256
\pgf@path@lasty=\dimen257
)
(C:/Users/Ananda/AppData/Local/Programs/MiKTeX/tex/generic/pgf/basiclayer/pgfco
repathusage.code.tex
File: pgfcorepathusage.code.tex 2021/05/15 v3.1.9a (3.1.9a)
\pgf@shorten@end@additional=\dimen258
\pgf@shorten@start@additional=\dimen259
)
(C:/Users/Ananda/AppData/Local/Programs/MiKTeX/tex/generic/pgf/basiclayer/pgfco
rescopes.code.tex
File: pgfcorescopes.code.tex 2021/05/15 v3.1.9a (3.1.9a)
\pgfpic=\box62
\pgf@hbox=\box63
\pgf@layerbox@main=\box64
\pgf@picture@serial@count=\count291
)
(C:/Users/Ananda/AppData/Local/Programs/MiKTeX/tex/generic/pgf/basiclayer/pgfco
regraphicstate.code.tex
File: pgfcoregraphicstate.code.tex 2021/05/15 v3.1.9a (3.1.9a)
\pgflinewidth=\dimen260
)
(C:/Users/Ananda/AppData/Local/Programs/MiKTeX/tex/generic/pgf/basiclayer/pgfco
retransformations.code.tex
File: pgfcoretransformations.code.tex 2021/05/15 v3.1.9a (3.1.9a)
\pgf@pt@x=\dimen261
\pgf@pt@y=\dimen262
\pgf@pt@temp=\dimen263
)
(C:/Users/Ananda/AppData/Local/Programs/MiKTeX/tex/generic/pgf/basiclayer/pgfco
requick.code.tex
File: pgfcorequick.code.tex 2021/05/15 v3.1.9a (3.1.9a)
)
(C:/Users/Ananda/AppData/Local/Programs/MiKTeX/tex/generic/pgf/basiclayer/pgfco
reobjects.code.tex
File: pgfcoreobjects.code.tex 2021/05/15 v3.1.9a (3.1.9a)
)
(C:/Users/Ananda/AppData/Local/Programs/MiKTeX/tex/generic/pgf/basiclayer/pgfco
repathprocessing.code.tex
File: pgfcorepathprocessing.code.tex 2021/05/15 v3.1.9a (3.1.9a)
)
(C:/Users/Ananda/AppData/Local/Programs/MiKTeX/tex/generic/pgf/basiclayer/pgfco
rearrows.code.tex
File: pgfcorearrows.code.tex 2021/05/15 v3.1.9a (3.1.9a)
\pgfarrowsep=\dimen264
)
(C:/Users/Ananda/AppData/Local/Programs/MiKTeX/tex/generic/pgf/basiclayer/pgfco
reshade.code.tex
File: pgfcoreshade.code.tex 2021/05/15 v3.1.9a (3.1.9a)
\pgf@max=\dimen265
\pgf@sys@shading@range@num=\count292
\pgf@shadingcount=\count293
)
(C:/Users/Ananda/AppData/Local/Programs/MiKTeX/tex/generic/pgf/basiclayer/pgfco
reimage.code.tex
File: pgfcoreimage.code.tex 2021/05/15 v3.1.9a (3.1.9a)

(C:/Users/Ananda/AppData/Local/Programs/MiKTeX/tex/generic/pgf/basiclayer/pgfco
reexternal.code.tex
File: pgfcoreexternal.code.tex 2021/05/15 v3.1.9a (3.1.9a)
\pgfexternal@startupbox=\box65
))
(C:/Users/Ananda/AppData/Local/Programs/MiKTeX/tex/generic/pgf/basiclayer/pgfco
relayers.code.tex
File: pgfcorelayers.code.tex 2021/05/15 v3.1.9a (3.1.9a)
)
(C:/Users/Ananda/AppData/Local/Programs/MiKTeX/tex/generic/pgf/basiclayer/pgfco
retransparency.code.tex
File: pgfcoretransparency.code.tex 2021/05/15 v3.1.9a (3.1.9a)
)
(C:/Users/Ananda/AppData/Local/Programs/MiKTeX/tex/generic/pgf/basiclayer/pgfco
repatterns.code.tex
File: pgfcorepatterns.code.tex 2021/05/15 v3.1.9a (3.1.9a)
)
(C:/Users/Ananda/AppData/Local/Programs/MiKTeX/tex/generic/pgf/basiclayer/pgfco
rerdf.code.tex
File: pgfcorerdf.code.tex 2021/05/15 v3.1.9a (3.1.9a)
)))
(C:/Users/Ananda/AppData/Local/Programs/MiKTeX/tex/latex/pgf/utilities/xxcolor.
sty
Package: xxcolor 2003/10/24 ver 0.1
\XC@nummixins=\count294
\XC@countmixins=\count295
)
(C:/Users/Ananda/AppData/Local/Programs/MiKTeX/tex/latex/base/atbegshi-ltx.sty
Package: atbegshi-ltx 2021/01/10 v1.0c Emulation of the original atbegshi
package with kernel methods
) (C:/Users/Ananda/AppData/Local/Programs/MiKTeX/tex/latex/hyperref/hyperref.st
y
Package: hyperref 2022-11-13 v7.00u Hypertext links for LaTeX
(C:/Users/Ananda/AppData/Local/Programs/MiKTeX/tex/generic/ltxcmds/ltxcmds.sty
Package: ltxcmds 2020-05-10 v1.25 LaTeX kernel commands for general use (HO)
)
(C:/Users/Ananda/AppData/Local/Programs/MiKTeX/tex/generic/pdftexcmds/pdftexcmd
s.sty
Package: pdftexcmds 2020-06-27 v0.33 Utility functions of pdfTeX for LuaTeX (HO
)

(C:/Users/Ananda/AppData/Local/Programs/MiKTeX/tex/generic/infwarerr/infwarerr.
sty
Package: infwarerr 2019/12/03 v1.5 Providing info/warning/error messages (HO)
)
Package pdftexcmds Info: \pdf@primitive is available.
Package pdftexcmds Info: \pdf@ifprimitive is available.
Package pdftexcmds Info: \pdfdraftmode found.
\pdftexcmds@toks=\toks28
)
(C:/Users/Ananda/AppData/Local/Programs/MiKTeX/tex/latex/kvsetkeys/kvsetkeys.st
y
Package: kvsetkeys 2022-10-05 v1.19 Key value parser (HO)
)
(C:/Users/Ananda/AppData/Local/Programs/MiKTeX/tex/generic/kvdefinekeys/kvdefin
ekeys.sty
Package: kvdefinekeys 2019-12-19 v1.6 Define keys (HO)
)
(C:/Users/Ananda/AppData/Local/Programs/MiKTeX/tex/generic/pdfescape/pdfescape.
sty
Package: pdfescape 2019/12/09 v1.15 Implements pdfTeX's escape features (HO)
)
(C:/Users/Ananda/AppData/Local/Programs/MiKTeX/tex/latex/hycolor/hycolor.sty
Package: hycolor 2020-01-27 v1.10 Color options for hyperref/bookmark (HO)
)
(C:/Users/Ananda/AppData/Local/Programs/MiKTeX/tex/latex/letltxmacro/letltxmacr
o.sty
Package: letltxmacro 2019/12/03 v1.6 Let assignment for LaTeX macros (HO)
)
(C:/Users/Ananda/AppData/Local/Programs/MiKTeX/tex/latex/auxhook/auxhook.sty
Package: auxhook 2019-12-17 v1.6 Hooks for auxiliary files (HO)
)
(C:/Users/Ananda/AppData/Local/Programs/MiKTeX/tex/latex/hyperref/nameref.sty
Package: nameref 2022-05-17 v2.50 Cross-referencing by name of section

(C:/Users/Ananda/AppData/Local/Programs/MiKTeX/tex/latex/refcount/refcount.sty
Package: refcount 2019/12/15 v3.6 Data extraction from label references (HO)
)
(C:/Users/Ananda/AppData/Local/Programs/MiKTeX/tex/generic/gettitlestring/getti
tlestring.sty
Package: gettitlestring 2019/12/15 v1.6 Cleanup title references (HO)

(C:/Users/Ananda/AppData/Local/Programs/MiKTeX/tex/latex/kvoptions/kvoptions.st
y
Package: kvoptions 2022-06-15 v3.15 Key value format for package options (HO)
))
\c@section@level=\count296
)
\@linkdim=\dimen266
\Hy@linkcounter=\count297
\Hy@pagecounter=\count298

(C:/Users/Ananda/AppData/Local/Programs/MiKTeX/tex/latex/hyperref/pd1enc.def
File: pd1enc.def 2022-11-13 v7.00u Hyperref: PDFDocEncoding definition (HO)
)
(C:/Users/Ananda/AppData/Local/Programs/MiKTeX/tex/generic/intcalc/intcalc.sty
Package: intcalc 2019/12/15 v1.3 Expandable calculations with integers (HO)
)
(C:/Users/Ananda/AppData/Local/Programs/MiKTeX/tex/generic/etexcmds/etexcmds.st
y
Package: etexcmds 2019/12/15 v1.7 Avoid name clashes with e-TeX commands (HO)
)
\Hy@SavedSpaceFactor=\count299
 (C:/Users/Ananda/AppData/Local/Programs/MiKTeX/tex/latex/hyperref/puenc.def
File: puenc.def 2022-11-13 v7.00u Hyperref: PDF Unicode definition (HO)
)
Package hyperref Info: Option `bookmarks' set `true' on input line 4045.
Package hyperref Info: Option `bookmarksopen' set `true' on input line 4045.
Package hyperref Info: Option `implicit' set `false' on input line 4045.
Package hyperref Info: Hyper figures OFF on input line 4162.
Package hyperref Info: Link nesting OFF on input line 4167.
Package hyperref Info: Hyper index ON on input line 4170.
Package hyperref Info: Plain pages OFF on input line 4177.
Package hyperref Info: Backreferencing OFF on input line 4182.
Package hyperref Info: Implicit mode OFF; no redefinition of LaTeX internals.
Package hyperref Info: Bookmarks ON on input line 4410.
\c@Hy@tempcnt=\count300
(C:/Users/Ananda/AppData/Local/Programs/MiKTeX/tex/latex/url/url.sty
\Urlmuskip=\muskip16
Package: url 2013/09/16  ver 3.4  Verb mode for urls, etc.
)
LaTeX Info: Redefining \url on input line 4748.
\XeTeXLinkMargin=\dimen267

(C:/Users/Ananda/AppData/Local/Programs/MiKTeX/tex/generic/bitset/bitset.sty
Package: bitset 2019/12/09 v1.3 Handle bit-vector datatype (HO)

(C:/Users/Ananda/AppData/Local/Programs/MiKTeX/tex/generic/bigintcalc/bigintcal
c.sty
Package: bigintcalc 2019/12/15 v1.5 Expandable calculations on big integers (HO
)
))
\Fld@menulength=\count301
\Field@Width=\dimen268
\Fld@charsize=\dimen269
Package hyperref Info: Hyper figures OFF on input line 6027.
Package hyperref Info: Link nesting OFF on input line 6032.
Package hyperref Info: Hyper index ON on input line 6035.
Package hyperref Info: backreferencing OFF on input line 6042.
Package hyperref Info: Link coloring OFF on input line 6047.
Package hyperref Info: Link coloring with OCG OFF on input line 6052.
Package hyperref Info: PDF/A mode OFF on input line 6057.
\Hy@abspage=\count302


Package hyperref Message: Stopped early.

)
Package hyperref Info: Driver (autodetected): hluatex.
 (C:/Users/Ananda/AppData/Local/Programs/MiKTeX/tex/latex/hyperref/hluatex.def
File: hluatex.def 2022-11-13 v7.00u Hyperref driver for luaTeX

(C:/Users/Ananda/AppData/Local/Programs/MiKTeX/tex/generic/stringenc/stringenc.
sty
Package: stringenc 2019/11/29 v1.12 Convert strings between diff. encodings (HO
)
)
(C:/Users/Ananda/AppData/Local/Programs/MiKTeX/tex/latex/base/atveryend-ltx.sty
Package: atveryend-ltx 2020/08/19 v1.0a Emulation of the original atveryend pac
kage
with kernel methods
)
\Fld@listcount=\count303
\c@bookmark@seq@number=\count304

(C:/Users/Ananda/AppData/Local/Programs/MiKTeX/tex/latex/rerunfilecheck/rerunfi
lecheck.sty
Package: rerunfilecheck 2022-07-10 v1.10 Rerun checks for auxiliary files (HO)

(C:/Users/Ananda/AppData/Local/Programs/MiKTeX/tex/generic/uniquecounter/unique
counter.sty
Package: uniquecounter 2019/12/15 v1.4 Provide unlimited unique counter (HO)
)
Package uniquecounter Info: New unique counter `rerunfilecheck' on input line 2
85.
))
(C:/Users/Ananda/AppData/Local/Programs/MiKTeX/tex/latex/beamer/beamerbaserequi
res.sty
(C:/Users/Ananda/AppData/Local/Programs/MiKTeX/tex/latex/beamer/beamerbasecompa
tibility.sty)
(C:/Users/Ananda/AppData/Local/Programs/MiKTeX/tex/latex/beamer/beamerbasefont.
sty
(C:/Users/Ananda/AppData/Local/Programs/MiKTeX/tex/latex/amsfonts/amssymb.sty
Package: amssymb 2013/01/14 v3.01 AMS font symbols

(C:/Users/Ananda/AppData/Local/Programs/MiKTeX/tex/latex/amsfonts/amsfonts.sty
Package: amsfonts 2013/01/14 v3.01 Basic AMSFonts support
\@emptytoks=\toks29
\symAMSa=\mathgroup4
\symAMSb=\mathgroup5
LaTeX Font Info:    Redeclaring math symbol \hbar on input line 98.
LaTeX Font Info:    Overwriting math alphabet `\mathfrak' in version `bold'
(Font)                  U/euf/m/n --> U/euf/b/n on input line 106.
))
(C:/Users/Ananda/AppData/Local/Programs/MiKTeX/tex/latex/sansmathaccent/sansmat
haccent.sty
Package: sansmathaccent 2020/01/31

(C:/Users/Ananda/AppData/Local/Programs/MiKTeX/tex/latex/koma-script/scrlfile.s
ty
Package: scrlfile 2024/10/24 v3.43 KOMA-Script package (file load hooks)

(C:/Users/Ananda/AppData/Local/Programs/MiKTeX/tex/latex/koma-script/scrlfile-h
ook.sty
Package: scrlfile-hook 2024/10/24 v3.43 KOMA-Script package (using LaTeX hooks)


(C:/Users/Ananda/AppData/Local/Programs/MiKTeX/tex/latex/koma-script/scrlogo.st
y
Package: scrlogo 2024/10/24 v3.43 KOMA-Script package (logo)
)))))
(C:/Users/Ananda/AppData/Local/Programs/MiKTeX/tex/latex/beamer/beamerbasetrans
lator.sty
(C:/Users/Ananda/AppData/Local/Programs/MiKTeX/tex/latex/translator/translator.
sty
Package: translator 2021-05-31 v1.12d Easy translation of strings in LaTeX
))
(C:/Users/Ananda/AppData/Local/Programs/MiKTeX/tex/latex/beamer/beamerbasemisc.
sty)
(C:/Users/Ananda/AppData/Local/Programs/MiKTeX/tex/latex/beamer/beamerbasetwosc
reens.sty)
(C:/Users/Ananda/AppData/Local/Programs/MiKTeX/tex/latex/beamer/beamerbaseoverl
ay.sty
\beamer@argscount=\count305
\beamer@lastskipcover=\skip51
\beamer@trivlistdepth=\count306
)
(C:/Users/Ananda/AppData/Local/Programs/MiKTeX/tex/latex/beamer/beamerbasetitle
.sty)
(C:/Users/Ananda/AppData/Local/Programs/MiKTeX/tex/latex/beamer/beamerbasesecti
on.sty
\c@lecture=\count307
\c@part=\count308
\c@section=\count309
\c@subsection=\count310
\c@subsubsection=\count311
)
(C:/Users/Ananda/AppData/Local/Programs/MiKTeX/tex/latex/beamer/beamerbaseframe
.sty
\beamer@framebox=\box66
\beamer@frametitlebox=\box67
\beamer@zoombox=\box68
\beamer@zoomcount=\count312
\beamer@zoomframecount=\count313
\beamer@frametextheight=\dimen270
\c@subsectionslide=\count314
\beamer@frametopskip=\skip52
\beamer@framebottomskip=\skip53
\beamer@frametopskipautobreak=\skip54
\beamer@framebottomskipautobreak=\skip55
\beamer@envbody=\toks30
\framewidth=\dimen271
\c@framenumber=\count315
)
(C:/Users/Ananda/AppData/Local/Programs/MiKTeX/tex/latex/beamer/beamerbaseverba
tim.sty
\beamer@verbatimfileout=\write4
)
(C:/Users/Ananda/AppData/Local/Programs/MiKTeX/tex/latex/beamer/beamerbaseframe
size.sty
\beamer@splitbox=\box69
\beamer@autobreakcount=\count316
\beamer@autobreaklastheight=\dimen272
\beamer@frametitletoks=\toks31
\beamer@framesubtitletoks=\toks32
)
(C:/Users/Ananda/AppData/Local/Programs/MiKTeX/tex/latex/beamer/beamerbaseframe
components.sty
\beamer@footins=\box70
)
(C:/Users/Ananda/AppData/Local/Programs/MiKTeX/tex/latex/beamer/beamerbasecolor
.sty)
(C:/Users/Ananda/AppData/Local/Programs/MiKTeX/tex/latex/beamer/beamerbasenotes
.sty
\beamer@frameboxcopy=\box71
)
(C:/Users/Ananda/AppData/Local/Programs/MiKTeX/tex/latex/beamer/beamerbasetoc.s
ty)
(C:/Users/Ananda/AppData/Local/Programs/MiKTeX/tex/latex/beamer/beamerbasetempl
ates.sty
\beamer@sbttoks=\toks33

(C:/Users/Ananda/AppData/Local/Programs/MiKTeX/tex/latex/beamer/beamerbaseauxte
mplates.sty
(C:/Users/Ananda/AppData/Local/Programs/MiKTeX/tex/latex/beamer/beamerbaseboxes
.sty
\bmb@box=\box72
\bmb@colorbox=\box73
\bmb@boxwidth=\dimen273
\bmb@boxheight=\dimen274
\bmb@prevheight=\dimen275
\bmb@temp=\dimen276
\bmb@dima=\dimen277
\bmb@dimb=\dimen278
\bmb@prevheight=\dimen279
)
\beamer@blockheadheight=\dimen280
))
(C:/Users/Ananda/AppData/Local/Programs/MiKTeX/tex/latex/beamer/beamerbaselocal
structure.sty
(C:/Users/Ananda/AppData/Local/Programs/MiKTeX/tex/latex/tools/enumerate.sty
Package: enumerate 2015/07/23 v3.00 enumerate extensions (DPC)
\@enLab=\toks34
)
\beamer@bibiconwidth=\skip56
\c@figure=\count317
\c@table=\count318
\abovecaptionskip=\skip57
\belowcaptionskip=\skip58
)
(C:/Users/Ananda/AppData/Local/Programs/MiKTeX/tex/latex/beamer/beamerbasenavig
ation.sty
(C:/Users/Ananda/AppData/Local/Programs/MiKTeX/tex/latex/beamer/beamerbasenavig
ationsymbols.tex)
\beamer@section@min@dim=\dimen281
)
(C:/Users/Ananda/AppData/Local/Programs/MiKTeX/tex/latex/beamer/beamerbasetheor
ems.sty
(C:/Users/Ananda/AppData/Local/Programs/MiKTeX/tex/latex/amsmath/amsmath.sty
Package: amsmath 2022/04/08 v2.17n AMS math features
\@mathmargin=\skip59

For additional information on amsmath, use the `?' option.
(C:/Users/Ananda/AppData/Local/Programs/MiKTeX/tex/latex/amsmath/amstext.sty
Package: amstext 2021/08/26 v2.01 AMS text

(C:/Users/Ananda/AppData/Local/Programs/MiKTeX/tex/latex/amsmath/amsgen.sty
File: amsgen.sty 1999/11/30 v2.0 generic functions
\@emptytoks=\toks35
\ex@=\dimen282
))
(C:/Users/Ananda/AppData/Local/Programs/MiKTeX/tex/latex/amsmath/amsbsy.sty
Package: amsbsy 1999/11/29 v1.2d Bold Symbols
\pmbraise@=\dimen283
)
(C:/Users/Ananda/AppData/Local/Programs/MiKTeX/tex/latex/amsmath/amsopn.sty
Package: amsopn 2022/04/08 v2.04 operator names
)
\inf@bad=\count319
LaTeX Info: Redefining \frac on input line 236.
\uproot@=\count320
\leftroot@=\count321
LaTeX Info: Redefining \overline on input line 399.
LaTeX Info: Redefining \colon on input line 410.
\classnum@=\count322
\DOTSCASE@=\count323
LaTeX Info: Redefining \ldots on input line 496.
LaTeX Info: Redefining \dots on input line 499.
LaTeX Info: Redefining \cdots on input line 620.
\Mathstrutbox@=\box74
\strutbox@=\box75
LaTeX Info: Redefining \big on input line 722.
LaTeX Info: Redefining \Big on input line 723.
LaTeX Info: Redefining \bigg on input line 724.
LaTeX Info: Redefining \Bigg on input line 725.
\big@size=\dimen284
LaTeX Font Info:    Redeclaring font encoding OML on input line 743.
LaTeX Font Info:    Redeclaring font encoding OMS on input line 744.
\macc@depth=\count324
LaTeX Info: Redefining \bmod on input line 905.
LaTeX Info: Redefining \pmod on input line 910.
LaTeX Info: Redefining \smash on input line 940.
LaTeX Info: Redefining \relbar on input line 970.
LaTeX Info: Redefining \Relbar on input line 971.
\c@MaxMatrixCols=\count325
\dotsspace@=\muskip17
\c@parentequation=\count326
\dspbrk@lvl=\count327
\tag@help=\toks36
\row@=\count328
\column@=\count329
\maxfields@=\count330
\andhelp@=\toks37
\eqnshift@=\dimen285
\alignsep@=\dimen286
\tagshift@=\dimen287
\tagwidth@=\dimen288
\totwidth@=\dimen289
\lineht@=\dimen290
\@envbody=\toks38
\multlinegap=\skip60
\multlinetaggap=\skip61
\mathdisplay@stack=\toks39
LaTeX Info: Redefining \[ on input line 2953.
LaTeX Info: Redefining \] on input line 2954.
)
(C:/Users/Ananda/AppData/Local/Programs/MiKTeX/tex/latex/amscls/amsthm.sty
Package: amsthm 2020/05/29 v2.20.6
\thm@style=\toks40
\thm@bodyfont=\toks41
\thm@headfont=\toks42
\thm@notefont=\toks43
\thm@headpunct=\toks44
\thm@preskip=\skip62
\thm@postskip=\skip63
\thm@headsep=\skip64
\dth@everypar=\toks45
)
\c@theorem=\count331
)
(C:/Users/Ananda/AppData/Local/Programs/MiKTeX/tex/latex/beamer/beamerbasetheme
s.sty))
(C:/Users/Ananda/AppData/Local/Programs/MiKTeX/tex/latex/beamer/beamerthemedefa
ult.sty
(C:/Users/Ananda/AppData/Local/Programs/MiKTeX/tex/latex/beamer/beamerfonttheme
default.sty)
(C:/Users/Ananda/AppData/Local/Programs/MiKTeX/tex/latex/beamer/beamercolorthem
edefault.sty)
(C:/Users/Ananda/AppData/Local/Programs/MiKTeX/tex/latex/beamer/beamerinnerthem
edefault.sty
\beamer@dima=\dimen291
\beamer@dimb=\dimen292
)
(C:/Users/Ananda/AppData/Local/Programs/MiKTeX/tex/latex/beamer/beamerouterthem
edefault.sty)))
(C:/Users/Ananda/AppData/Local/Programs/MiKTeX/tex/latex/multirow/multirow.sty
Package: multirow 2021/03/15 v2.8 Span multiple rows of a table
\multirow@colwidth=\skip65
\multirow@cntb=\count332
\multirow@dima=\skip66
\bigstrutjot=\dimen293
) (C:/Users/Ananda/AppData/Local/Programs/MiKTeX/tex/latex/tools/hhline.sty
Package: hhline 2020/01/04 v2.04 Table rule package (DPC)
)
(C:/Users/Ananda/AppData/Local/Programs/MiKTeX/tex/latex/tools/array.sty
Package: array 2022/03/10 v2.5f Tabular extension package (FMi)
\col@sep=\dimen294
\ar@mcellbox=\box76
\extrarowheight=\dimen295
\NC@list=\toks46
\extratabsurround=\skip67
\backup@length=\skip68
\ar@cellbox=\box77
)
(C:/Users/Ananda/AppData/Local/Programs/MiKTeX/tex/latex/tools/longtable.sty
Package: longtable 2021-09-01 v4.17 Multi-page Table package (DPC)
\LTleft=\skip69
\LTright=\skip70
\LTpre=\skip71
\LTpost=\skip72
\LTchunksize=\count333
\LTcapwidth=\dimen296
\LT@head=\box78
\LT@firsthead=\box79
\LT@foot=\box80
\LT@lastfoot=\box81
\LT@gbox=\box82
\LT@cols=\count334
\LT@rows=\count335
\c@LT@tables=\count336
\c@LT@chunks=\count337
\LT@p@ftn=\toks47
)
(C:/Users/Ananda/AppData/Local/Programs/MiKTeX/tex/latex/tabularray/tabularray.
sty (C:/Users/Ananda/AppData/Local/Programs/MiKTeX/tex/latex/l3kernel/expl3.sty
Package: expl3 2022-12-17 L3 programming layer (loader) 

(C:/Users/Ananda/AppData/Local/Programs/MiKTeX/tex/latex/l3backend/l3backend-lu
atex.def
File: l3backend-luatex.def 2022-10-26 L3 backend support: PDF output (LuaTeX)
\l__color_backend_stack_int=\count338
\l__pdf_internal_box=\box83
))
Package: tabularray 2024-02-16 v2024A Typeset tabulars and arrays with LaTeX3
\l__tblr_a_int=\count339
\l__tblr_c_int=\count340
\l__tblr_r_int=\count341
\l__tblr_d_dim=\dimen297
\l__tblr_h_dim=\dimen298
\l__tblr_o_dim=\dimen299
\l__tblr_p_dim=\dimen300
\l__tblr_q_dim=\dimen301
\l__tblr_r_dim=\dimen302
\l__tblr_s_dim=\dimen303
\l__tblr_t_dim=\dimen304
\l__tblr_v_dim=\dimen305
\l__tblr_w_dim=\dimen306
\l__tblr_a_box=\box84
\l__tblr_b_box=\box85
\l__tblr_c_box=\box86
\l__tblr_d_box=\box87
\g__tblr_table_count_int=\count342
\c@rownum=\count343
\c@colnum=\count344
\c@rowcount=\count345
\c@colcount=\count346
\abovesep=\dimen307
\belowsep=\dimen308
\leftsep=\dimen309
\rightsep=\dimen310
\g_tblr_level_int=\count347
\g__tblr_data_row_key_count_int=\count348
\g__tblr_data_column_key_count_int=\count349
\g__tblr_data_cell_key_count_int=\count350
\g__tblr_array_int=\count351
\l__tblr_key_count_int=\count352
\l__tblr_key_quotient_int=\count353
\l__tblr_key_quotient_two_int=\count354
\l__tblr_key_remainder_int=\count355
\g__tblr_data_str_value_count_int=\count356
\rulewidth=\dimen311
\l__tblr_strut_dp_dim=\dimen312
\l__tblr_strut_ht_dim=\dimen313
\g__tblr_cell_wd_dim=\dimen314
\g__tblr_cell_ht_dim=\dimen315
\g__tblr_cell_head_dim=\dimen316
\g__tblr_cell_foot_dim=\dimen317
\l__column_target_dim=\dimen318
\l__tblr_caption_box=\box88
\l__tblr_caption_left_box=\box89
\l__tblr_row_head_box=\box90
\l__tblr_row_foot_box=\box91
\l__tblr_row_head_foot_dim=\dimen319
\tablewidth=\dimen320
\l__tblr_table_firsthead_box=\box92
\l__tblr_table_middlehead_box=\box93
\l__tblr_table_lasthead_box=\box94
\l__tblr_table_firstfoot_box=\box95
\l__tblr_table_middlefoot_box=\box96
\l__tblr_table_lastfoot_box=\box97
\l__tblr_remain_height_dim=\dimen321
\l__tblr_long_from_int=\count357
\l__tblr_long_to_int=\count358
\l__tblr_curr_i_int=\count359
\l__tblr_prev_i_int=\count360
\l__tblr_table_page_int=\count361
\l__tblr_table_head_box=\box98
\l__tblr_table_foot_box=\box99
\l__tblr_table_head_foot_dim=\dimen322
\l__tblr_table_head_body_foot_dim=\dimen323
\l__tblr_table_box=\box100
\l__tblr_table_hlines_box=\box101
\l__tblr_hline_box=\box102
\l__tblr_row_box=\box103
\l__tblr_col_o_wd_dim=\dimen324
\l__tblr_col_b_wd_dim=\dimen325
\l__tblr_hline_leftskip_dim=\dimen326
\l__tblr_hline_rightskip_dim=\dimen327
\l__tblr_row_ht_dim=\dimen328
\l__tblr_row_dp_dim=\dimen329
\l__tblr_row_abovesep_dim=\dimen330
\l__tblr_row_belowsep_dim=\dimen331
\l__tblr_row_vlines_box=\box104
\l__tblr_vline_box=\box105
\l__tblr_cell_box=\box106
\l__row_upper_dim=\dimen332
\l__row_lower_dim=\dimen333
\l__row_vpace_dim=\dimen334
\l__tblr_vline_aboveskip_dim=\dimen335
\l__tblr_vline_belowskip_dim=\dimen336
\l__tblr_cell_wd_dim=\dimen337
\l__tblr_cell_ht_dim=\dimen338
\l__tblr_diag_box=\box107
)
(C:/Users/Ananda/AppData/Local/Programs/MiKTeX/tex/latex/undertilde/undertilde.
sty
Package: undertilde 2000/08/08 v1.0 Tilde under a math object
\knuthian@fdfive=\skip73
)
(C:/Users/Ananda/AppData/Local/Programs/MiKTeX/tex/latex/dingbat/dingbat.sty
Package: dingbat 2001/04/27 v1.00 Hands and other dingbats
)
(C:/Users/Ananda/AppData/Local/Programs/MiKTeX/tex/latex/fontawesome5/fontaweso
me5.sty
Package: fontawesome5 2022/05/02 v5.15.4 Font Awesome 5

(C:/Users/Ananda/AppData/Local/Programs/MiKTeX/tex/latex/l3packages/l3keys2e/l3
keys2e.sty
Package: l3keys2e 2022-12-17 LaTeX2e option processing using LaTeX3 keys
)
(C:/Users/Ananda/AppData/Local/Programs/MiKTeX/tex/latex/l3packages/xparse/xpar
se.sty
Package: xparse 2022-12-17 L3 Experimental document command parser
)
(C:/Users/Ananda/AppData/Local/Programs/MiKTeX/tex/latex/fontawesome5/fontaweso
me5-utex-helper.sty
Package: fontawesome5-utex-helper 2022/05/02 v5.15.4 uTeX helper for fontawesom
e5

(C:/Users/Ananda/AppData/Local/Programs/MiKTeX/tex/luatex/luatexbase/luatexbase
.sty
Package: luatexbase 2015/10/04 v1.3 luatexbase interface to LuaTeX 

(C:/Users/Ananda/AppData/Local/Programs/MiKTeX/tex/luatex/ctablestack/ctablesta
ck.sty
Package: ctablestack 2015/10/01 v1.0 Catcode table stable support
\@catcodetablestackcnt=\count362
)
\CatcodeTableOther=\catcodetable12
\CatcodeTableExpl=\catcodetable13
)
LaTeX Font Info:    Trying to load font information for TU+fontawesomefree on i
nput line 69.

(C:/Users/Ananda/AppData/Local/Programs/MiKTeX/tex/latex/fontawesome5/tufontawe
somefree.fd)
LaTeX Font Info:    Trying to load font information for TU+fontawesomebrands on
 input line 70.

(C:/Users/Ananda/AppData/Local/Programs/MiKTeX/tex/latex/fontawesome5/tufontawe
somebrands.fd)))
(C:/Users/Ananda/AppData/Local/Programs/MiKTeX/tex/latex/tasks/tasks.sty
(C:/Users/Ananda/AppData/Local/Programs/MiKTeX/tex/latex/l3packages/xtemplate/x
template.sty
Package: xtemplate 2022-12-17 L3 Experimental prototype document functions
\l__xtemplate_tmp_dim=\dimen339
\l__xtemplate_tmp_int=\count363
\l__xtemplate_tmp_muskip=\muskip18
\l__xtemplate_tmp_skip=\skip74
)
Package: tasks 2022/01/08 v1.4a lists with columns filled horizontally
\g__tasks_total_items_int=\count364
\l__tasks_columns_int=\count365
\g__tasks_rows_int=\count366
\g__tasks_current_col_num_int=\count367
\g__tasks_current_row_num_int=\count368
\l__tasks_item_columns_int=\count369
\g__tasks_env_int=\count370
\l__tasks_start_int=\count371
\l__tasks_item_indent_dim=\dimen340
\l__tasks_item_default_indent_dim=\dimen341
\l__tasks_item_width_dim=\dimen342
\l__tasks_label_width_dim=\dimen343
\l__tasks_label_default_width_dim=\dimen344
\l__tasks_label_offset_dim=\dimen345
\l__tasks_label_default_offset_dim=\dimen346
\l__tasks_column_sep_dim=\dimen347
\l__tasks_correction_dim=\dimen348
\l__tasks_full_width_dim=\dimen349
\l__tasks_after_item_skip=\skip75
\l__tasks_custom_after_item_skip=\skip76
\l__tasks_before_list_skip=\skip77
\l__tasks_after_list_skip=\skip78
\l__tasks_item_coffin=\box108
\l__tasks_label_coffin=\box109
\c@task=\count372
\l__tasks_tmpa_int=\count373
\l__tasks_tmpb_int=\count374
\l__tasks_tmpa_coffin=\box110
\l__tasks_tmpa_box=\box111

Package xtemplate Info: Declaring object type 'tasks' taking 3 argument(s) on
(xtemplate)             line 450.


(C:/Users/Ananda/AppData/Local/Programs/MiKTeX/tex/latex/tasks/tasks.cfg))
(C:/Users/Ananda/AppData/Local/Programs/MiKTeX/tex/latex/bbding/bbding.sty
Package: bbding 1999/04/15 v1.01 Dingbats symbols
)
(C:/Users/Ananda/AppData/Local/Programs/MiKTeX/tex/latex/twemojis/twemojis.sty
Package: twemojis 2022/03/30 v1.3.1 LaTeX twemojis (twemoji v14.0.1)

(C:/Users/Ananda/AppData/Local/Programs/MiKTeX/tex/latex/pgf/frontendlayer/tikz
.sty
(C:/Users/Ananda/AppData/Local/Programs/MiKTeX/tex/latex/pgf/basiclayer/pgf.sty
Package: pgf 2021/05/15 v3.1.9a (3.1.9a)

(C:/Users/Ananda/AppData/Local/Programs/MiKTeX/tex/generic/pgf/modules/pgfmodul
eshapes.code.tex
File: pgfmoduleshapes.code.tex 2021/05/15 v3.1.9a (3.1.9a)
\pgfnodeparttextbox=\box112
)
(C:/Users/Ananda/AppData/Local/Programs/MiKTeX/tex/generic/pgf/modules/pgfmodul
eplot.code.tex
File: pgfmoduleplot.code.tex 2021/05/15 v3.1.9a (3.1.9a)
)
(C:/Users/Ananda/AppData/Local/Programs/MiKTeX/tex/latex/pgf/compatibility/pgfc
omp-version-0-65.sty
Package: pgfcomp-version-0-65 2021/05/15 v3.1.9a (3.1.9a)
\pgf@nodesepstart=\dimen350
\pgf@nodesepend=\dimen351
)
(C:/Users/Ananda/AppData/Local/Programs/MiKTeX/tex/latex/pgf/compatibility/pgfc
omp-version-1-18.sty
Package: pgfcomp-version-1-18 2021/05/15 v3.1.9a (3.1.9a)
))
(C:/Users/Ananda/AppData/Local/Programs/MiKTeX/tex/latex/pgf/utilities/pgffor.s
ty
(C:/Users/Ananda/AppData/Local/Programs/MiKTeX/tex/generic/pgf/utilities/pgffor
.code.tex
Package: pgffor 2021/05/15 v3.1.9a (3.1.9a)

(C:/Users/Ananda/AppData/Local/Programs/MiKTeX/tex/generic/pgf/math/pgfmath.cod
e.tex)
\pgffor@iter=\dimen352
\pgffor@skip=\dimen353
\pgffor@stack=\toks48
\pgffor@toks=\toks49
))
(C:/Users/Ananda/AppData/Local/Programs/MiKTeX/tex/generic/pgf/frontendlayer/ti
kz/tikz.code.tex
Package: tikz 2021/05/15 v3.1.9a (3.1.9a)

(C:/Users/Ananda/AppData/Local/Programs/MiKTeX/tex/generic/pgf/libraries/pgflib
raryplothandlers.code.tex
File: pgflibraryplothandlers.code.tex 2021/05/15 v3.1.9a (3.1.9a)
\pgf@plot@mark@count=\count375
\pgfplotmarksize=\dimen354
)
\tikz@lastx=\dimen355
\tikz@lasty=\dimen356
\tikz@lastxsaved=\dimen357
\tikz@lastysaved=\dimen358
\tikz@lastmovetox=\dimen359
\tikz@lastmovetoy=\dimen360
\tikzleveldistance=\dimen361
\tikzsiblingdistance=\dimen362
\tikz@figbox=\box113
\tikz@figbox@bg=\box114
\tikz@tempbox=\box115
\tikz@tempbox@bg=\box116
\tikztreelevel=\count376
\tikznumberofchildren=\count377
\tikznumberofcurrentchild=\count378
\tikz@fig@count=\count379

(C:/Users/Ananda/AppData/Local/Programs/MiKTeX/tex/generic/pgf/modules/pgfmodul
ematrix.code.tex
File: pgfmodulematrix.code.tex 2021/05/15 v3.1.9a (3.1.9a)
\pgfmatrixcurrentrow=\count380
\pgfmatrixcurrentcolumn=\count381
\pgf@matrix@numberofcolumns=\count382
)
\tikz@expandcount=\count383

(C:/Users/Ananda/AppData/Local/Programs/MiKTeX/tex/generic/pgf/frontendlayer/ti
kz/libraries/tikzlibrarytopaths.code.tex
File: tikzlibrarytopaths.code.tex 2021/05/15 v3.1.9a (3.1.9a)
)))
(C:/Users/Ananda/AppData/Local/Programs/MiKTeX/tex/latex/base/ifthen.sty
Package: ifthen 2022/04/13 v1.1d Standard LaTeX ifthen package (DPC)
)
\twemojiDefaultHeight=\skip79
)
(C:/Users/Ananda/AppData/Local/Programs/MiKTeX/tex/latex/customdice/customdice.
sty
Package: customdice 2022/07/31 customdice 1.0
)
(C:/Users/Ananda/AppData/Local/Programs/MiKTeX/tex/latex/pgfplots/pgfplots.sty
(C:/Users/Ananda/AppData/Local/Programs/MiKTeX/tex/generic/pgfplots/pgfplots.re
vision.tex)
Package: pgfplots 2021/05/15 v1.18.1 Data Visualization (1.18.1)

(C:/Users/Ananda/AppData/Local/Programs/MiKTeX/tex/generic/pgfplots/pgfplots.co
de.tex
(C:/Users/Ananda/AppData/Local/Programs/MiKTeX/tex/generic/pgfplots/pgfplotscor
e.code.tex
Package pgfplots info on input line 124: Initializing with LUA version Lua 5.3
\pgfplots@luabackend@table=\catcodetable14
\t@pgfplots@toka=\toks50
\t@pgfplots@tokb=\toks51
\t@pgfplots@tokc=\toks52
\pgfplots@tmpa=\dimen363
\c@pgfplots@coordindex=\count384
\c@pgfplots@scanlineindex=\count385

(C:/Users/Ananda/AppData/Local/Programs/MiKTeX/tex/generic/pgfplots/sys/pgfplot
ssysgeneric.code.tex))
(C:/Users/Ananda/AppData/Local/Programs/MiKTeX/tex/generic/pgfplots/libs/pgfplo
tslibrary.code.tex)
(C:/Users/Ananda/AppData/Local/Programs/MiKTeX/tex/generic/pgfplots/oldpgfcompa
tib/pgfplotsoldpgfsupp_loader.code.tex
(C:/Users/Ananda/AppData/Local/Programs/MiKTeX/tex/generic/pgf/libraries/pgflib
raryfpu.code.tex)
(C:/Users/Ananda/AppData/Local/Programs/MiKTeX/tex/generic/pgf/libraries/luamat
h/pgflibraryluamath.code.tex)
Package pgfplots info on input line 290: luamath library shipped with pgf 3.1.9
a is up-to-date
)
(C:/Users/Ananda/AppData/Local/Programs/MiKTeX/tex/generic/pgfplots/util/pgfplo
tsutil.code.tex
Package pgfplots info on input line 82: Found new luatex: initializing lua comm
ands instead of write18 (shell-escape)

(C:/Users/Ananda/AppData/Local/Programs/MiKTeX/tex/generic/pgfplots/liststructu
re/pgfplotsliststructure.code.tex)
(C:/Users/Ananda/AppData/Local/Programs/MiKTeX/tex/generic/pgfplots/liststructu
re/pgfplotsliststructureext.code.tex)
(C:/Users/Ananda/AppData/Local/Programs/MiKTeX/tex/generic/pgfplots/liststructu
re/pgfplotsarray.code.tex
\c@pgfplotsarray@tmp=\count386
)
(C:/Users/Ananda/AppData/Local/Programs/MiKTeX/tex/generic/pgfplots/liststructu
re/pgfplotsmatrix.code.tex)
(C:/Users/Ananda/AppData/Local/Programs/MiKTeX/tex/generic/pgfplots/numtable/pg
fplotstableshared.code.tex
\c@pgfplotstable@counta=\count387
\t@pgfplotstable@a=\toks53
)
(C:/Users/Ananda/AppData/Local/Programs/MiKTeX/tex/generic/pgfplots/liststructu
re/pgfplotsdeque.code.tex)
(C:/Users/Ananda/AppData/Local/Programs/MiKTeX/tex/generic/pgfplots/util/pgfplo
tsbinary.code.tex
(C:/Users/Ananda/AppData/Local/Programs/MiKTeX/tex/generic/pgfplots/util/pgfplo
tsbinary.data.code.tex))
(C:/Users/Ananda/AppData/Local/Programs/MiKTeX/tex/generic/pgfplots/util/pgfplo
tsutil.verb.code.tex)
(C:/Users/Ananda/AppData/Local/Programs/MiKTeX/tex/generic/pgfplots/libs/pgflib
rarypgfplots.surfshading.code.tex
\c@pgfplotslibrarysurf@no=\count388

(C:/Users/Ananda/AppData/Local/Programs/MiKTeX/tex/generic/pgfplots/sys/pgflibr
arypgfplots.surfshading.pgfsys-luatex.def)))
(C:/Users/Ananda/AppData/Local/Programs/MiKTeX/tex/generic/pgfplots/util/pgfplo
tscolormap.code.tex
(C:/Users/Ananda/AppData/Local/Programs/MiKTeX/tex/generic/pgfplots/util/pgfplo
tscolor.code.tex))
(C:/Users/Ananda/AppData/Local/Programs/MiKTeX/tex/generic/pgfplots/pgfplotssta
ckedplots.code.tex)
(C:/Users/Ananda/AppData/Local/Programs/MiKTeX/tex/generic/pgfplots/pgfplotsplo
thandlers.code.tex
(C:/Users/Ananda/AppData/Local/Programs/MiKTeX/tex/generic/pgfplots/pgfplotsmes
hplothandler.code.tex
(C:/Users/Ananda/AppData/Local/Programs/MiKTeX/tex/generic/pgfplots/pgfplotsmes
hplotimage.code.tex)))
(C:/Users/Ananda/AppData/Local/Programs/MiKTeX/tex/generic/pgfplots/pgfplots.sc
aling.code.tex)
(C:/Users/Ananda/AppData/Local/Programs/MiKTeX/tex/generic/pgfplots/pgfplotscoo
rdprocessing.code.tex)
(C:/Users/Ananda/AppData/Local/Programs/MiKTeX/tex/generic/pgfplots/pgfplots.er
rorbars.code.tex)
(C:/Users/Ananda/AppData/Local/Programs/MiKTeX/tex/generic/pgfplots/pgfplots.ma
rkers.code.tex)
(C:/Users/Ananda/AppData/Local/Programs/MiKTeX/tex/generic/pgfplots/pgfplotstic
ks.code.tex)
(C:/Users/Ananda/AppData/Local/Programs/MiKTeX/tex/generic/pgfplots/pgfplots.pa
ths.code.tex)
(C:/Users/Ananda/AppData/Local/Programs/MiKTeX/tex/generic/pgf/frontendlayer/ti
kz/libraries/tikzlibrarydecorations.code.tex
(C:/Users/Ananda/AppData/Local/Programs/MiKTeX/tex/generic/pgf/modules/pgfmodul
edecorations.code.tex
\pgfdecoratedcompleteddistance=\dimen364
\pgfdecoratedremainingdistance=\dimen365
\pgfdecoratedinputsegmentcompleteddistance=\dimen366
\pgfdecoratedinputsegmentremainingdistance=\dimen367
\pgf@decorate@distancetomove=\dimen368
\pgf@decorate@repeatstate=\count389
\pgfdecorationsegmentamplitude=\dimen369
\pgfdecorationsegmentlength=\dimen370
)
\tikz@lib@dec@box=\box117
)
(C:/Users/Ananda/AppData/Local/Programs/MiKTeX/tex/generic/pgf/frontendlayer/ti
kz/libraries/tikzlibrarydecorations.pathmorphing.code.tex
(C:/Users/Ananda/AppData/Local/Programs/MiKTeX/tex/generic/pgf/libraries/decora
tions/pgflibrarydecorations.pathmorphing.code.tex))
(C:/Users/Ananda/AppData/Local/Programs/MiKTeX/tex/generic/pgf/frontendlayer/ti
kz/libraries/tikzlibrarydecorations.pathreplacing.code.tex
(C:/Users/Ananda/AppData/Local/Programs/MiKTeX/tex/generic/pgf/libraries/decora
tions/pgflibrarydecorations.pathreplacing.code.tex))
(C:/Users/Ananda/AppData/Local/Programs/MiKTeX/tex/generic/pgfplots/libs/tikzli
brarypgfplots.contourlua.code.tex)
\pgfplots@numplots=\count390
\pgfplots@xmin@reg=\dimen371
\pgfplots@xmax@reg=\dimen372
\pgfplots@ymin@reg=\dimen373
\pgfplots@ymax@reg=\dimen374
\pgfplots@zmin@reg=\dimen375
\pgfplots@zmax@reg=\dimen376
)
(C:/Users/Ananda/AppData/Local/Programs/MiKTeX/tex/generic/pgf/frontendlayer/ti
kz/libraries/tikzlibraryplotmarks.code.tex
File: tikzlibraryplotmarks.code.tex 2021/05/15 v3.1.9a (3.1.9a)

(C:/Users/Ananda/AppData/Local/Programs/MiKTeX/tex/generic/pgf/libraries/pgflib
raryplotmarks.code.tex
File: pgflibraryplotmarks.code.tex 2021/05/15 v3.1.9a (3.1.9a)
)))
(C:/Users/Ananda/AppData/Local/Programs/MiKTeX/tex/latex/fontspec/fontspec.sty
Package: fontspec 2022/01/15 v2.8a Font selection for XeLaTeX and LuaLaTeX
Lua module: fontspec 2022/01/15 2.8a Font selection for XeLaTeX and LuaLaTeX
(C:/Users/Ananda/AppData/Local/Programs/MiKTeX/tex/latex/fontspec/fontspec-luat
ex.sty
Package: fontspec-luatex 2022/01/15 v2.8a Font selection for XeLaTeX and LuaLaT
eX
\l__fontspec_script_int=\count391
\l__fontspec_language_int=\count392
\l__fontspec_strnum_int=\count393
\l__fontspec_tmp_int=\count394
\l__fontspec_tmpa_int=\count395
\l__fontspec_tmpb_int=\count396
\l__fontspec_tmpc_int=\count397
\l__fontspec_em_int=\count398
\l__fontspec_emdef_int=\count399
\l__fontspec_strong_int=\count400
\l__fontspec_strongdef_int=\count401
\l__fontspec_tmpa_dim=\dimen377
\l__fontspec_tmpb_dim=\dimen378
\l__fontspec_tmpc_dim=\dimen379

(C:/Users/Ananda/AppData/Local/Programs/MiKTeX/tex/latex/base/fontenc.sty
Package: fontenc 2021/04/29 v2.0v Standard LaTeX package
)
(C:/Users/Ananda/AppData/Local/Programs/MiKTeX/tex/latex/fontspec/fontspec.cfg))
)
luaotfload | cache : Lookup cache loaded from C:/Users/Ananda/AppData/Local/MiKT
eX/luatex-cache/generic/names/luaotfload-lookup-cache.luc.
luaotfload | aux : font no 21 (nil) defines no feature for script latn
luaotfload | aux : font no 21 (nil) defines no feature for script dflt

Package fontspec Info: Font family 'CenturySchoolbook(0)' created for font
(fontspec)             'Century Schoolbook' with options [Ligatures=TeX].
(fontspec)              
(fontspec)              This font family consists of the following NFSS
(fontspec)             series/shapes:
(fontspec)              
(fontspec)             - 'normal' (m/n) with NFSS spec.:
(fontspec)             <->"CenturySchoolbook:mode=node;language=dflt;+tlig;"
(fontspec)             - 'small caps'  (m/sc) with NFSS spec.: 
(fontspec)             - 'bold' (b/n) with NFSS spec.:
(fontspec)             <->"CenturySchoolbook/B:mode=node;language=dflt;+tlig;"
(fontspec)             - 'bold small caps'  (b/sc) with NFSS spec.: 
(fontspec)             - 'italic' (m/it) with NFSS spec.:
(fontspec)             <->"CenturySchoolbook/I:mode=node;language=dflt;+tlig;"
(fontspec)             - 'italic small caps'  (m/scit) with NFSS spec.: 
(fontspec)             - 'bold italic' (b/it) with NFSS spec.:
(fontspec)             <->"CenturySchoolbook/BI:mode=node;language=dflt;+tlig;"

(fontspec)             - 'bold italic small caps'  (b/scit) with NFSS spec.: 


(C:/Users/Ananda/AppData/Local/Programs/MiKTeX/tex/latex/unicode-math/unicode-m
ath.sty
Package: unicode-math 2020/01/31 v0.8q Unicode maths in XeLaTeX and LuaLaTeX

(C:/Users/Ananda/AppData/Local/Programs/MiKTeX/tex/latex/unicode-math/unicode-m
ath-luatex.sty
Package: unicode-math-luatex 2020/01/31 v0.8q Unicode maths in XeLaTeX and LuaL
aTeX

(C:/Users/Ananda/AppData/Local/Programs/MiKTeX/tex/latex/base/fix-cm.sty
Package: fix-cm 2020/11/24 v1.1t fixes to LaTeX

(C:/Users/Ananda/AppData/Local/Programs/MiKTeX/tex/latex/base/ts1enc.def
File: ts1enc.def 2001/06/05 v3.0e (jk/car/fm) Standard LaTeX file
LaTeX Font Info:    Redeclaring font encoding TS1 on input line 47.
))
(C:/Users/Ananda/AppData/Local/Programs/MiKTeX/tex/lualatex/lualatex-math/luala
tex-math.sty
Package: lualatex-math 2022/01/01 v1.12 Patches for mathematics typesetting wit
h LuaLaTeX
Lua module: lualatex-math 2013/08/03 1.3 Patches for mathematics typesetting wit
h LuaLaTeX)
\g__um_fam_int=\count402
\g__um_fonts_used_int=\count403
\l__um_primecount_int=\count404
\g__um_primekern_muskip=\muskip19

(C:/Users/Ananda/AppData/Local/Programs/MiKTeX/tex/latex/unicode-math/unicode-m
ath-table.tex)))

Package fontspec Info: Could not resolve font "LatinModernMath/B" (it probably
(fontspec)             doesn't exist).


Package fontspec Info: Font family 'LatinModernMath(0)' created for font
(fontspec)             'Latin Modern Math' with options
(fontspec)             [Renderer=Basic,BoldItalicFont={},ItalicFont={},SmallCap
sFont={},Script=Math,FontAdjustment={\__um_luatex_copy_fontdimens:
(fontspec)             }].
(fontspec)              
(fontspec)              This font family consists of the following NFSS
(fontspec)             series/shapes:
(fontspec)              
(fontspec)             - 'normal' (m/n) with NFSS spec.:
(fontspec)             <->"LatinModernMath:mode=base;script=math;language=dflt;
"
(fontspec)             - 'small caps'  (m/sc) with NFSS spec.: 
(fontspec)             and font adjustment code:
(fontspec)             \__um_luatex_copy_fontdimens: 


Package fontspec Info: Could not resolve font "LatinModernMath/B" (it probably
(fontspec)             doesn't exist).


Package fontspec Info: Font family 'LatinModernMath(1)' created for font
(fontspec)             'Latin Modern Math' with options
(fontspec)             [Renderer=Basic,BoldItalicFont={},ItalicFont={},SmallCap
sFont={},Script=Math,SizeFeatures={{Size=8.5-},{Size=6-8.5,Font=Latin
(fontspec)             Modern Math,Style=MathScript},{Size=-6,Font=Latin
(fontspec)             Modern
(fontspec)             Math,Style=MathScriptScript}},FontAdjustment={\__um_luat
ex_copy_fontdimens:
(fontspec)             }].
(fontspec)              
(fontspec)              This font family consists of the following NFSS
(fontspec)             series/shapes:
(fontspec)              
(fontspec)             - 'normal' (m/n) with NFSS spec.:
(fontspec)             <8.5->"LatinModernMath:mode=base;script=math;language=df
lt;"<6-8.5>"LatinModernMath:mode=base;script=math;language=dflt;+ssty=0;"<-6>"L
atinModernMath:mode=base;script=math;language=dflt;+ssty=1;"
(fontspec)             - 'small caps'  (m/sc) with NFSS spec.: 
(fontspec)             and font adjustment code:
(fontspec)             \__um_luatex_copy_fontdimens: 

LaTeX Font Info:    Encoding `OT1' has changed to `TU' for symbol font
(Font)              `operators' in the math version `normal' on input line 33.
LaTeX Font Info:    Overwriting symbol font `operators' in version `normal'
(Font)                  OT1/cmr/m/n --> TU/LatinModernMath(1)/m/n on input line
 33.
LaTeX Font Info:    Encoding `OT1' has changed to `TU' for symbol font
(Font)              `operators' in the math version `bold' on input line 33.
LaTeX Font Info:    Overwriting symbol font `operators' in version `bold'
(Font)                  OT1/cmr/bx/n --> TU/LatinModernMath(1)/b/n on input lin
e 33.

Package fontspec Info: LatinModernMath scale = 1.0001.


Package fontspec Info: Could not resolve font "LatinModernMath/B" (it probably
(fontspec)             doesn't exist).


Package fontspec Info: LatinModernMath scale = 1.0001.


Package fontspec Info: LatinModernMath scale = 1.0001.


Package fontspec Info: LatinModernMath scale = 1.0001.


Package fontspec Info: Font family 'LatinModernMath(2)' created for font
(fontspec)             'Latin Modern Math' with options
(fontspec)             [Renderer=Basic,BoldItalicFont={},ItalicFont={},SmallCap
sFont={},Script=Math,SizeFeatures={{Size=8.5-},{Size=6-8.5,Font=Latin
(fontspec)             Modern Math,Style=MathScript},{Size=-6,Font=Latin
(fontspec)             Modern
(fontspec)             Math,Style=MathScriptScript}},FontAdjustment={\__um_luat
ex_copy_fontdimens:
(fontspec)             },ScaleAgain=1.0001,FontAdjustment={\fontdimen 8\font
(fontspec)             =6.76999pt\relax \fontdimen 9\font =3.93999pt\relax
(fontspec)             \fontdimen 10\font =4.43999pt\relax \fontdimen 11\font
(fontspec)             =6.85999pt\relax \fontdimen 12\font =3.45pt\relax
(fontspec)             \fontdimen 13\font =3.62999pt\relax \fontdimen 14\font
(fontspec)             =3.62999pt\relax \fontdimen 15\font =2.89pt\relax
(fontspec)             \fontdimen 16\font =2.46999pt\relax \fontdimen 17\font
(fontspec)             =2.46999pt\relax \fontdimen 18\font =2.5pt\relax
(fontspec)             \fontdimen 19\font =2.0pt\relax \fontdimen 22\font
(fontspec)             =2.5pt\relax \fontdimen 20\font =0pt\relax \fontdimen
(fontspec)             21\font =0pt\relax }].
(fontspec)              
(fontspec)              This font family consists of the following NFSS
(fontspec)             series/shapes:
(fontspec)              
(fontspec)             - 'normal' (m/n) with NFSS spec.:
(fontspec)             <8.5->s*[1.0001]"LatinModernMath:mode=base;script=math;l
anguage=dflt;"<6-8.5>s*[1.0001]"LatinModernMath:mode=base;script=math;language=
dflt;+ssty=0;"<-6>s*[1.0001]"LatinModernMath:mode=base;script=math;language=dfl
t;+ssty=1;"
(fontspec)             - 'small caps'  (m/sc) with NFSS spec.: 
(fontspec)             and font adjustment code:
(fontspec)             \__um_luatex_copy_fontdimens: \fontdimen 8\font
(fontspec)             =6.76999pt\relax \fontdimen 9\font =3.93999pt\relax
(fontspec)             \fontdimen 10\font =4.43999pt\relax \fontdimen 11\font
(fontspec)             =6.85999pt\relax \fontdimen 12\font =3.45pt\relax
(fontspec)             \fontdimen 13\font =3.62999pt\relax \fontdimen 14\font
(fontspec)             =3.62999pt\relax \fontdimen 15\font =2.89pt\relax
(fontspec)             \fontdimen 16\font =2.46999pt\relax \fontdimen 17\font
(fontspec)             =2.46999pt\relax \fontdimen 18\font =2.5pt\relax
(fontspec)             \fontdimen 19\font =2.0pt\relax \fontdimen 22\font
(fontspec)             =2.5pt\relax \fontdimen 20\font =0pt\relax \fontdimen
(fontspec)             21\font =0pt\relax 

LaTeX Font Info:    Encoding `OMS' has changed to `TU' for symbol font
(Font)              `symbols' in the math version `normal' on input line 33.
LaTeX Font Info:    Overwriting symbol font `symbols' in version `normal'
(Font)                  OMS/cmsy/m/n --> TU/LatinModernMath(2)/m/n on input lin
e 33.
LaTeX Font Info:    Encoding `OMS' has changed to `TU' for symbol font
(Font)              `symbols' in the math version `bold' on input line 33.
LaTeX Font Info:    Overwriting symbol font `symbols' in version `bold'
(Font)                  OMS/cmsy/b/n --> TU/LatinModernMath(2)/b/n on input lin
e 33.

Package fontspec Info: LatinModernMath scale = 0.9999.


Package fontspec Info: Could not resolve font "LatinModernMath/B" (it probably
(fontspec)             doesn't exist).


Package fontspec Info: LatinModernMath scale = 0.9999.


Package fontspec Info: LatinModernMath scale = 0.9999.


Package fontspec Info: LatinModernMath scale = 0.9999.


Package fontspec Info: Font family 'LatinModernMath(3)' created for font
(fontspec)             'Latin Modern Math' with options
(fontspec)             [Renderer=Basic,BoldItalicFont={},ItalicFont={},SmallCap
sFont={},Script=Math,SizeFeatures={{Size=8.5-},{Size=6-8.5,Font=Latin
(fontspec)             Modern Math,Style=MathScript},{Size=-6,Font=Latin
(fontspec)             Modern
(fontspec)             Math,Style=MathScriptScript}},FontAdjustment={\__um_luat
ex_copy_fontdimens:
(fontspec)             },ScaleAgain=0.9999,FontAdjustment={\fontdimen 8\font
(fontspec)             =0.4pt\relax \fontdimen 9\font =2.0pt\relax \fontdimen
(fontspec)             10\font =1.67pt\relax \fontdimen 11\font
(fontspec)             =1.10999pt\relax \fontdimen 12\font =6.0pt\relax
(fontspec)             \fontdimen 13\font =0pt\relax }].
(fontspec)              
(fontspec)              This font family consists of the following NFSS
(fontspec)             series/shapes:
(fontspec)              
(fontspec)             - 'normal' (m/n) with NFSS spec.:
(fontspec)             <8.5->s*[0.9999]"LatinModernMath:mode=base;script=math;l
anguage=dflt;"<6-8.5>s*[0.9999]"LatinModernMath:mode=base;script=math;language=
dflt;+ssty=0;"<-6>s*[0.9999]"LatinModernMath:mode=base;script=math;language=dfl
t;+ssty=1;"
(fontspec)             - 'small caps'  (m/sc) with NFSS spec.: 
(fontspec)             and font adjustment code:
(fontspec)             \__um_luatex_copy_fontdimens: \fontdimen 8\font
(fontspec)             =0.4pt\relax \fontdimen 9\font =2.0pt\relax \fontdimen
(fontspec)             10\font =1.67pt\relax \fontdimen 11\font
(fontspec)             =1.10999pt\relax \fontdimen 12\font =6.0pt\relax
(fontspec)             \fontdimen 13\font =0pt\relax 

LaTeX Font Info:    Encoding `OMX' has changed to `TU' for symbol font
(Font)              `largesymbols' in the math version `normal' on input line 3
3.
LaTeX Font Info:    Overwriting symbol font `largesymbols' in version `normal'
(Font)                  OMX/cmex/m/n --> TU/LatinModernMath(3)/m/n on input lin
e 33.
LaTeX Font Info:    Encoding `OMX' has changed to `TU' for symbol font
(Font)              `largesymbols' in the math version `bold' on input line 33.

LaTeX Font Info:    Overwriting symbol font `largesymbols' in version `bold'
(Font)                  OMX/cmex/m/n --> TU/LatinModernMath(3)/b/n on input lin
e 33.
LaTeX Font Info:    Font shape `TU/LatinModernMath(2)/m/n' will be
(Font)              scaled to size 10.00107pt on input line 33.
LaTeX Font Info:    Font shape `TU/LatinModernMath(2)/m/n' will be
(Font)              scaled to size 7.00075pt on input line 33.
LaTeX Font Info:    Font shape `TU/LatinModernMath(2)/m/n' will be
(Font)              scaled to size 5.00053pt on input line 33.
LaTeX Font Info:    Font shape `TU/LatinModernMath(3)/m/n' will be
(Font)              scaled to size 9.99893pt on input line 33.
LaTeX Font Info:    Font shape `TU/LatinModernMath(3)/m/n' will be
(Font)              scaled to size 6.99925pt on input line 33.
LaTeX Font Info:    Font shape `TU/LatinModernMath(3)/m/n' will be
(Font)              scaled to size 4.99947pt on input line 33.
LaTeX Font Info:    Trying to load font information for U+msa on input line 33.


(C:/Users/Ananda/AppData/Local/Programs/MiKTeX/tex/latex/amsfonts/umsa.fd
File: umsa.fd 2013/01/14 v3.01 AMS symbols A
)
LaTeX Font Info:    Trying to load font information for U+msb on input line 33.


(C:/Users/Ananda/AppData/Local/Programs/MiKTeX/tex/latex/amsfonts/umsb.fd
File: umsb.fd 2013/01/14 v3.01 AMS symbols B
)
(C:/Users/Ananda/AppData/Local/Programs/MiKTeX/tex/latex/beamer/beamerthemeWars
aw.sty
(C:/Users/Ananda/AppData/Local/Programs/MiKTeX/tex/latex/beamer/beamerinnerthem
erounded.sty)
(C:/Users/Ananda/AppData/Local/Programs/MiKTeX/tex/latex/beamer/beamerouterthem
eshadow.sty
(C:/Users/Ananda/AppData/Local/Programs/MiKTeX/tex/latex/beamer/beamerouterthem
esplit.sty))
(C:/Users/Ananda/AppData/Local/Programs/MiKTeX/tex/latex/beamer/beamercolorthem
eorchid.sty)
(C:/Users/Ananda/AppData/Local/Programs/MiKTeX/tex/latex/beamer/beamercolorthem
ewhale.sty))
(C:/Users/Ananda/AppData/Local/Programs/MiKTeX/tex/latex/aobs-tikz/tikzlibraryo
verlay-beamer-styles.code.tex)

Package hyperref Warning: Token not allowed in a PDF string (Unicode):
(hyperref)                removing `math shift' on input line 45.


Package hyperref Warning: Token not allowed in a PDF string (Unicode):
(hyperref)                removing `math shift' on input line 45.


Package hyperref Warning: Token not allowed in a PDF string (Unicode):
(hyperref)                removing `math shift' on input line 45.


Package hyperref Warning: Token not allowed in a PDF string (Unicode):
(hyperref)                removing `math shift' on input line 45.


Package hyperref Warning: Token not allowed in a PDF string (Unicode):
(hyperref)                removing `math shift' on input line 45.


Package hyperref Warning: Token not allowed in a PDF string (Unicode):
(hyperref)                removing `math shift' on input line 45.


Package hyperref Warning: Token not allowed in a PDF string (Unicode):
(hyperref)                removing `math shift' on input line 45.


Package hyperref Warning: Token not allowed in a PDF string (Unicode):
(hyperref)                removing `math shift' on input line 45.


Package hyperref Warning: Token not allowed in a PDF string (Unicode):
(hyperref)                removing `math shift' on input line 45.


Package hyperref Warning: Token not allowed in a PDF string (Unicode):
(hyperref)                removing `math shift' on input line 45.


Package hyperref Warning: Token not allowed in a PDF string (Unicode):
(hyperref)                removing `math shift' on input line 45.


Package hyperref Warning: Token not allowed in a PDF string (Unicode):
(hyperref)                removing `math shift' on input line 45.

(./exponential.aux)
\openout1 = exponential.aux

LaTeX Font Info:    Checking defaults for OML/cmm/m/it on input line 49.
LaTeX Font Info:    ... okay on input line 49.
LaTeX Font Info:    Checking defaults for OMS/cmsy/m/n on input line 49.
LaTeX Font Info:    ... okay on input line 49.
LaTeX Font Info:    Checking defaults for OT1/cmr/m/n on input line 49.
LaTeX Font Info:    ... okay on input line 49.
LaTeX Font Info:    Checking defaults for T1/cmr/m/n on input line 49.
LaTeX Font Info:    ... okay on input line 49.
LaTeX Font Info:    Checking defaults for TS1/cmr/m/n on input line 49.
LaTeX Font Info:    ... okay on input line 49.
LaTeX Font Info:    Checking defaults for TU/lmr/m/n on input line 49.
LaTeX Font Info:    ... okay on input line 49.
LaTeX Font Info:    Checking defaults for OMX/cmex/m/n on input line 49.
LaTeX Font Info:    ... okay on input line 49.
LaTeX Font Info:    Checking defaults for U/cmr/m/n on input line 49.
LaTeX Font Info:    ... okay on input line 49.
LaTeX Font Info:    Checking defaults for PD1/pdf/m/n on input line 49.
LaTeX Font Info:    ... okay on input line 49.
LaTeX Font Info:    Checking defaults for PU/pdf/m/n on input line 49.
LaTeX Font Info:    ... okay on input line 49.

*geometry* driver: auto-detecting
*geometry* detected driver: luatex
*geometry* verbose mode - [ preamble ] result:
* driver: luatex
* paper: custom
* layout: <same size as paper>
* layoutoffset:(h,v)=(0.0pt,0.0pt)
* modes: includehead includefoot 
* h-part:(L,W,R)=(28.45274pt, 398.3386pt, 28.45274pt)
* v-part:(T,H,B)=(0.0pt, 256.0748pt, 0.0pt)
* \paperwidth=455.24408pt
* \paperheight=256.0748pt
* \textwidth=398.3386pt
* \textheight=227.62207pt
* \oddsidemargin=-43.81725pt
* \evensidemargin=-43.81725pt
* \topmargin=-72.26999pt
* \headheight=14.22636pt
* \headsep=0.0pt
* \topskip=10.0pt
* \footskip=14.22636pt
* \marginparwidth=3.0pt
* \marginparsep=11.0pt
* \columnsep=10.0pt
* \skip\footins=9.0pt plus 4.0pt minus 2.0pt
* \hoffset=0.0pt
* \voffset=0.0pt
* \mag=1000
* \@twocolumnfalse
* \@twosidefalse
* \@mparswitchfalse
* \@reversemarginfalse
* (1in=72.27pt=25.4mm, 1cm=28.453pt)


(C:/Users/Ananda/AppData/Local/Programs/MiKTeX/tex/context/base/mkii/supp-pdf.m
kii
[Loading MPS to PDF converter (version 2006.09.02).]
\scratchcounter=\count405
\scratchdimen=\dimen380
\scratchbox=\box118
\nofMPsegments=\count406
\nofMParguments=\count407
\everyMPshowfont=\toks54
\MPscratchCnt=\count408
\MPscratchDim=\dimen381
\MPnumerator=\count409
\makeMPintoPDFobject=\count410
\everyMPtoPDFconversion=\toks55
)
(C:/Users/Ananda/AppData/Local/Programs/MiKTeX/tex/latex/epstopdf-pkg/epstopdf-
base.sty
Package: epstopdf-base 2020-01-24 v2.11 Base part for package epstopdf
Package epstopdf-base Info: Redefining graphics rule for `.eps' on input line 4
85.

(C:/Users/Ananda/AppData/Local/Programs/MiKTeX/tex/latex/00miktex/epstopdf-sys.
cfg
File: epstopdf-sys.cfg 2021/03/18 v2.0 Configuration of epstopdf for MiKTeX
))
Package hyperref Info: Link coloring OFF on input line 49.
 (./exponential.out) (./exponential.out)
\@outlinefile=\write5

\openout5 = exponential.out

(C:/Users/Ananda/AppData/Local/Programs/MiKTeX/tex/latex/translator/translator-
basic-dictionary-English.dict
Dictionary: translator-basic-dictionary, Language: English 
)
(C:/Users/Ananda/AppData/Local/Programs/MiKTeX/tex/latex/translator/translator-
bibliography-dictionary-English.dict
Dictionary: translator-bibliography-dictionary, Language: English 
)
(C:/Users/Ananda/AppData/Local/Programs/MiKTeX/tex/latex/translator/translator-
environment-dictionary-English.dict
Dictionary: translator-environment-dictionary, Language: English 
)
(C:/Users/Ananda/AppData/Local/Programs/MiKTeX/tex/latex/translator/translator-
months-dictionary-English.dict
Dictionary: translator-months-dictionary, Language: English 
)
(C:/Users/Ananda/AppData/Local/Programs/MiKTeX/tex/latex/translator/translator-
numbers-dictionary-English.dict
Dictionary: translator-numbers-dictionary, Language: English 
)
(C:/Users/Ananda/AppData/Local/Programs/MiKTeX/tex/latex/translator/translator-
theorem-dictionary-English.dict
Dictionary: translator-theorem-dictionary, Language: English 
)
(C:/Users/Ananda/AppData/Local/Programs/MiKTeX/tex/latex/ninecolors/ninecolors.
sty
Package: ninecolors 2022-02-13 vv2022D Select colors with proper color contrast

)
Package pgfplots notification 'compat/show suggested version=true': you might b
enefit from \pgfplotsset{compat=1.18} (current compat level: 1.17).

LaTeX Font Info:    Overwriting math alphabet `\mathrm' in version `normal'
(Font)                  TU/LatinModernMath(1)/m/n --> TU/CenturySchoolbook(0)/m
/n on input line 49.
LaTeX Font Info:    Overwriting math alphabet `\mathit' in version `normal'
(Font)                  OT1/cmr/m/it --> TU/CenturySchoolbook(0)/m/it on input 
line 49.
LaTeX Font Info:    Overwriting math alphabet `\mathbf' in version `normal'
(Font)                  OT1/cmr/bx/n --> TU/CenturySchoolbook(0)/b/n on input l
ine 49.
LaTeX Font Info:    Overwriting math alphabet `\mathsf' in version `normal'
(Font)                  OT1/cmss/m/n --> TU/lmss/m/n on input line 49.
LaTeX Font Info:    Overwriting math alphabet `\mathsf' in version `bold'
(Font)                  OT1/cmss/bx/n --> TU/lmss/b/n on input line 49.
LaTeX Font Info:    Overwriting math alphabet `\mathtt' in version `normal'
(Font)                  OT1/cmtt/m/n --> TU/lmtt/m/n on input line 49.
LaTeX Font Info:    Overwriting math alphabet `\mathtt' in version `bold'
(Font)                  OT1/cmtt/m/n --> TU/lmtt/b/n on input line 49.
(./exponential.nav) [1

{C:/Users/Ananda/AppData/Local/MiKTeX/fonts/map/pdftex/pdftex.map}] (./exponent
ial.toc) [2

] [3

] [4

] [5

] [6

] [7

] [8

] [9

] [10

] [11

]
[12

] [13

] [14

] [15

] [16

] [17

] [18

] [19

] [20

] [21

] [22

] [23

] [24

] [25

] [26

]
[27

] [28

] [29

]
LaTeX Font Info:    Trying to load font information for U+ark on input line 316
.

(C:/Users/Ananda/AppData/Local/Programs/MiKTeX/tex/latex/dingbat/uark.fd
File: uark.fd 2001/04/27 v1.00 Font definitions for the ark10 font
)
[30

] [31

] [32

] [33

] [34

] [35

] [36

] [37

] [38

] [39

] [40

] [41

] [42

] [43

]
\tf@nav=\write6

\openout6 = exponential.nav
\tf@toc=\write7

\openout7 = exponential.toc
\tf@snm=\write8

\openout8 = exponential.snm

(./exponential.aux)
Package rerunfilecheck Info: File `exponential.out' has not changed.
(rerunfilecheck)             Checksum: EF974647E16C4946CCB4826470B64E69;723.
)

Here is how much of LuaTeX's memory you used:
 59078 strings out of 478389
 100000,2373549 words of node,token memory allocated
 13652 words of node memory still in use:
   194 hlist, 7 vlist, 2 rule, 1 local_par, 38 math, 481 glue, 5 kern, 8 penalty
, 49 glyph, 1219 attribute, 71 glue_spec, 1219 attribute_list, 4 write, 791 pdf_
literal, 28 pdf_colorstack nodes
   avail lists: 2:5871,3:4018,4:279,5:186,6:55,7:2905,8:76,9:1073,10:15,11:3
 77248 multiletter control sequences out of 65536+600000
 56 fonts using 13365103 bytes
 128i,22n,115p,731b,2547s stack positions out of 10000i,1000n,20000p,200000b,80000s

warning  (pdf backend): unreferenced destination with name 'Navigation44'
<<C:\Users\Ananda\AppData\Local\MiKTeX\fonts/pk/ljfour/public/dingbat/dpi600\ark
10.pk>><C:/Users/Ananda/AppData/Local/Programs/MiKTeX/fonts/opentype/public/lm-m
ath/latinmodern-math.otf><C:/Users/Ananda/AppData/Local/Programs/MiKTeX/fonts/op
entype/public/lm-math/latinmodern-math.otf><C:/Users/Ananda/AppData/Local/Progra
ms/MiKTeX/fonts/opentype/public/lm-math/latinmodern-math.otf><C:/Windows/Fonts/c
enscbk.ttf>
Output written on exponential.pdf (43 pages, 376538 bytes).

PDF statistics: 1285 PDF objects out of 1440 (max. 8388607)
 93 named destinations out of 1000 (max. 131072)
 176 words of extra memory for PDF output out of 10000 (max. 100000000)

